{"C:\\Users\\Jarrod\\Documents\\Lambda\\Labs TL\\coach-me-be\\index.js": {"path":"C:\\Users\\Jarrod\\Documents\\Lambda\\Labs TL\\coach-me-be\\index.js","statementMap":{"0":{"start":{"line":1,"column":0},"end":{"line":1,"column":27}},"1":{"start":{"line":2,"column":15},"end":{"line":2,"column":34}},"2":{"start":{"line":3,"column":13},"end":{"line":3,"column":37}},"3":{"start":{"line":5,"column":0},"end":{"line":9,"column":3}},"4":{"start":{"line":6,"column":1},"end":{"line":8,"column":9}},"5":{"start":{"line":11,"column":0},"end":{"line":15,"column":1}},"6":{"start":{"line":12,"column":1},"end":{"line":14,"column":3}},"7":{"start":{"line":13,"column":2},"end":{"line":13,"column":59}},"8":{"start":{"line":18,"column":0},"end":{"line":18,"column":24}}},"fnMap":{"0":{"name":"(anonymous_0)","decl":{"start":{"line":5,"column":16},"end":{"line":5,"column":17}},"loc":{"start":{"line":5,"column":30},"end":{"line":9,"column":1}},"line":5},"1":{"name":"(anonymous_1)","decl":{"start":{"line":12,"column":21},"end":{"line":12,"column":22}},"loc":{"start":{"line":13,"column":2},"end":{"line":13,"column":59}},"line":13}},"branchMap":{"0":{"loc":{"start":{"line":3,"column":13},"end":{"line":3,"column":37}},"type":"binary-expr","locations":[{"start":{"line":3,"column":13},"end":{"line":3,"column":29}},{"start":{"line":3,"column":33},"end":{"line":3,"column":37}}],"line":3},"1":{"loc":{"start":{"line":11,"column":0},"end":{"line":15,"column":1}},"type":"if","locations":[{"start":{"line":11,"column":0},"end":{"line":15,"column":1}},{"start":{"line":11,"column":0},"end":{"line":15,"column":1}}],"line":11}},"s":{"0":0,"1":0,"2":0,"3":0,"4":0,"5":0,"6":0,"7":0,"8":0},"f":{"0":0,"1":0},"b":{"0":[0,0],"1":[0,0]}}
,"C:\\Users\\Jarrod\\Documents\\Lambda\\Labs TL\\coach-me-be\\knexfile.js": {"path":"C:\\Users\\Jarrod\\Documents\\Lambda\\Labs TL\\coach-me-be\\knexfile.js","statementMap":{"0":{"start":{"line":1,"column":0},"end":{"line":1,"column":27}},"1":{"start":{"line":3,"column":0},"end":{"line":82,"column":2}}},"fnMap":{},"branchMap":{},"s":{"0":0,"1":0},"f":{},"b":{}}
,"C:\\Users\\Jarrod\\Documents\\Lambda\\Labs TL\\coach-me-be\\server.js": {"path":"C:\\Users\\Jarrod\\Documents\\Lambda\\Labs TL\\coach-me-be\\server.js","statementMap":{"0":{"start":{"line":1,"column":16},"end":{"line":1,"column":34}},"1":{"start":{"line":2,"column":16},"end":{"line":2,"column":42}},"2":{"start":{"line":3,"column":13},"end":{"line":3,"column":28}},"3":{"start":{"line":5,"column":13},"end":{"line":5,"column":45}},"4":{"start":{"line":6,"column":15},"end":{"line":9,"column":22}},"5":{"start":{"line":11,"column":17},"end":{"line":11,"column":36}},"6":{"start":{"line":14,"column":0},"end":{"line":14,"column":45}},"7":{"start":{"line":15,"column":0},"end":{"line":15,"column":46}},"8":{"start":{"line":16,"column":0},"end":{"line":16,"column":48}},"9":{"start":{"line":18,"column":12},"end":{"line":18,"column":21}},"10":{"start":{"line":21,"column":0},"end":{"line":24,"column":3}},"11":{"start":{"line":25,"column":0},"end":{"line":25,"column":24}},"12":{"start":{"line":26,"column":0},"end":{"line":26,"column":61}},"13":{"start":{"line":29,"column":0},"end":{"line":29,"column":27}},"14":{"start":{"line":30,"column":0},"end":{"line":30,"column":29}},"15":{"start":{"line":31,"column":0},"end":{"line":31,"column":22}},"16":{"start":{"line":34,"column":0},"end":{"line":34,"column":31}},"17":{"start":{"line":37,"column":13},"end":{"line":37,"column":28}},"18":{"start":{"line":38,"column":17},"end":{"line":38,"column":38}},"19":{"start":{"line":39,"column":13},"end":{"line":39,"column":40}},"20":{"start":{"line":40,"column":25},"end":{"line":40,"column":65}},"21":{"start":{"line":41,"column":14},"end":{"line":44,"column":2}},"22":{"start":{"line":46,"column":0},"end":{"line":56,"column":4}},"23":{"start":{"line":58,"column":0},"end":{"line":58,"column":28}},"24":{"start":{"line":62,"column":0},"end":{"line":62,"column":50}},"25":{"start":{"line":66,"column":0},"end":{"line":69,"column":3}},"26":{"start":{"line":67,"column":4},"end":{"line":67,"column":24}},"27":{"start":{"line":68,"column":4},"end":{"line":68,"column":70}},"28":{"start":{"line":72,"column":0},"end":{"line":72,"column":34}},"29":{"start":{"line":74,"column":0},"end":{"line":74,"column":21}}},"fnMap":{"0":{"name":"(anonymous_0)","decl":{"start":{"line":66,"column":8},"end":{"line":66,"column":9}},"loc":{"start":{"line":66,"column":34},"end":{"line":69,"column":1}},"line":66}},"branchMap":{},"s":{"0":0,"1":0,"2":0,"3":0,"4":0,"5":0,"6":0,"7":0,"8":0,"9":0,"10":0,"11":0,"12":0,"13":0,"14":0,"15":0,"16":0,"17":0,"18":0,"19":0,"20":0,"21":0,"22":0,"23":0,"24":0,"25":0,"26":0,"27":0,"28":0,"29":0},"f":{"0":0},"b":{}}
,"C:\\Users\\Jarrod\\Documents\\Lambda\\Labs TL\\coach-me-be\\config\\passport-facebook.js": {"path":"C:\\Users\\Jarrod\\Documents\\Lambda\\Labs TL\\coach-me-be\\config\\passport-facebook.js","statementMap":{"0":{"start":{"line":1,"column":25},"end":{"line":1,"column":62}},"1":{"start":{"line":4,"column":4},"end":{"line":14,"column":1}},"2":{"start":{"line":9,"column":8},"end":{"line":9,"column":33}},"3":{"start":{"line":10,"column":8},"end":{"line":10,"column":34}},"4":{"start":{"line":11,"column":8},"end":{"line":11,"column":29}},"5":{"start":{"line":12,"column":8},"end":{"line":12,"column":28}},"6":{"start":{"line":16,"column":0},"end":{"line":16,"column":30}}},"fnMap":{"0":{"name":"facebookAuth","decl":{"start":{"line":3,"column":9},"end":{"line":3,"column":21}},"loc":{"start":{"line":3,"column":31},"end":{"line":14,"column":2}},"line":3},"1":{"name":"(anonymous_1)","decl":{"start":{"line":8,"column":7},"end":{"line":8,"column":8}},"loc":{"start":{"line":8,"column":57},"end":{"line":13,"column":5}},"line":8}},"branchMap":{},"s":{"0":0,"1":0,"2":0,"3":0,"4":0,"5":0,"6":0},"f":{"0":0,"1":0},"b":{}}
,"C:\\Users\\Jarrod\\Documents\\Lambda\\Labs TL\\coach-me-be\\config\\passport-google.js": {"path":"C:\\Users\\Jarrod\\Documents\\Lambda\\Labs TL\\coach-me-be\\config\\passport-google.js","statementMap":{"0":{"start":{"line":1,"column":23},"end":{"line":1,"column":66}},"1":{"start":{"line":2,"column":18},"end":{"line":2,"column":51}},"2":{"start":{"line":5,"column":4},"end":{"line":33,"column":1}},"3":{"start":{"line":31,"column":8},"end":{"line":31,"column":28}},"4":{"start":{"line":35,"column":0},"end":{"line":35,"column":27}}},"fnMap":{"0":{"name":"googleAuth","decl":{"start":{"line":4,"column":9},"end":{"line":4,"column":19}},"loc":{"start":{"line":4,"column":29},"end":{"line":33,"column":2}},"line":4},"1":{"name":"(anonymous_1)","decl":{"start":{"line":12,"column":7},"end":{"line":12,"column":8}},"loc":{"start":{"line":12,"column":51},"end":{"line":32,"column":5}},"line":12}},"branchMap":{},"s":{"0":0,"1":0,"2":0,"3":0,"4":0},"f":{"0":0,"1":0},"b":{}}
,"C:\\Users\\Jarrod\\Documents\\Lambda\\Labs TL\\coach-me-be\\config\\passport-local.js": {"path":"C:\\Users\\Jarrod\\Documents\\Lambda\\Labs TL\\coach-me-be\\config\\passport-local.js","statementMap":{"0":{"start":{"line":1,"column":22},"end":{"line":1,"column":56}},"1":{"start":{"line":2,"column":13},"end":{"line":2,"column":46}},"2":{"start":{"line":3,"column":15},"end":{"line":3,"column":32}},"3":{"start":{"line":6,"column":1},"end":{"line":18,"column":3}},"4":{"start":{"line":10,"column":17},"end":{"line":10,"column":70}},"5":{"start":{"line":11,"column":4},"end":{"line":11,"column":71}},"6":{"start":{"line":11,"column":15},"end":{"line":11,"column":71}},"7":{"start":{"line":12,"column":28},"end":{"line":12,"column":73}},"8":{"start":{"line":13,"column":4},"end":{"line":15,"column":69}},"9":{"start":{"line":21,"column":1},"end":{"line":23,"column":4}},"10":{"start":{"line":22,"column":2},"end":{"line":22,"column":52}},"11":{"start":{"line":26,"column":1},"end":{"line":28,"column":4}},"12":{"start":{"line":27,"column":2},"end":{"line":27,"column":19}},"13":{"start":{"line":30,"column":0},"end":{"line":30,"column":28}}},"fnMap":{"0":{"name":"localLogin","decl":{"start":{"line":5,"column":9},"end":{"line":5,"column":19}},"loc":{"start":{"line":5,"column":30},"end":{"line":29,"column":1}},"line":5},"1":{"name":"(anonymous_1)","decl":{"start":{"line":9,"column":3},"end":{"line":9,"column":4}},"loc":{"start":{"line":9,"column":41},"end":{"line":16,"column":4}},"line":9},"2":{"name":"(anonymous_2)","decl":{"start":{"line":21,"column":24},"end":{"line":21,"column":25}},"loc":{"start":{"line":21,"column":46},"end":{"line":23,"column":2}},"line":21},"3":{"name":"(anonymous_3)","decl":{"start":{"line":26,"column":26},"end":{"line":26,"column":27}},"loc":{"start":{"line":26,"column":48},"end":{"line":28,"column":2}},"line":26}},"branchMap":{"0":{"loc":{"start":{"line":11,"column":4},"end":{"line":11,"column":71}},"type":"if","locations":[{"start":{"line":11,"column":4},"end":{"line":11,"column":71}},{"start":{"line":11,"column":4},"end":{"line":11,"column":71}}],"line":11},"1":{"loc":{"start":{"line":13,"column":11},"end":{"line":15,"column":68}},"type":"cond-expr","locations":[{"start":{"line":14,"column":7},"end":{"line":14,"column":23}},{"start":{"line":15,"column":7},"end":{"line":15,"column":68}}],"line":13}},"s":{"0":0,"1":0,"2":0,"3":0,"4":0,"5":0,"6":0,"7":0,"8":0,"9":0,"10":0,"11":0,"12":0,"13":0},"f":{"0":0,"1":0,"2":0,"3":0},"b":{"0":[0,0],"1":[0,0]}}
,"C:\\Users\\Jarrod\\Documents\\Lambda\\Labs TL\\coach-me-be\\data\\db_config.js": {"path":"C:\\Users\\Jarrod\\Documents\\Lambda\\Labs TL\\coach-me-be\\data\\db_config.js","statementMap":{"0":{"start":{"line":1,"column":0},"end":{"line":1,"column":27}},"1":{"start":{"line":2,"column":13},"end":{"line":2,"column":28}},"2":{"start":{"line":4,"column":0},"end":{"line":4,"column":68}}},"fnMap":{},"branchMap":{},"s":{"0":0,"1":0,"2":0},"f":{},"b":{}}
,"C:\\Users\\Jarrod\\Documents\\Lambda\\Labs TL\\coach-me-be\\data\\migrations\\20200425194337_client.js": {"path":"C:\\Users\\Jarrod\\Documents\\Lambda\\Labs TL\\coach-me-be\\data\\migrations\\20200425194337_client.js","statementMap":{"0":{"start":{"line":1,"column":0},"end":{"line":22,"column":2}},"1":{"start":{"line":2,"column":1},"end":{"line":21,"column":4}},"2":{"start":{"line":3,"column":2},"end":{"line":3,"column":69}},"3":{"start":{"line":4,"column":2},"end":{"line":4,"column":30}},"4":{"start":{"line":5,"column":2},"end":{"line":5,"column":32}},"5":{"start":{"line":6,"column":2},"end":{"line":6,"column":41}},"6":{"start":{"line":7,"column":2},"end":{"line":7,"column":40}},"7":{"start":{"line":8,"column":2},"end":{"line":8,"column":31}},"8":{"start":{"line":9,"column":2},"end":{"line":9,"column":39}},"9":{"start":{"line":10,"column":2},"end":{"line":10,"column":18}},"10":{"start":{"line":11,"column":2},"end":{"line":11,"column":25}},"11":{"start":{"line":12,"column":2},"end":{"line":12,"column":31}},"12":{"start":{"line":13,"column":2},"end":{"line":13,"column":55}},"13":{"start":{"line":14,"column":2},"end":{"line":14,"column":34}},"14":{"start":{"line":15,"column":2},"end":{"line":15,"column":24}},"15":{"start":{"line":16,"column":2},"end":{"line":16,"column":20}},"16":{"start":{"line":17,"column":2},"end":{"line":17,"column":23}},"17":{"start":{"line":18,"column":2},"end":{"line":18,"column":23}},"18":{"start":{"line":19,"column":2},"end":{"line":19,"column":65}},"19":{"start":{"line":20,"column":2},"end":{"line":20,"column":56}},"20":{"start":{"line":24,"column":0},"end":{"line":26,"column":2}},"21":{"start":{"line":25,"column":1},"end":{"line":25,"column":47}}},"fnMap":{"0":{"name":"(anonymous_0)","decl":{"start":{"line":1,"column":13},"end":{"line":1,"column":14}},"loc":{"start":{"line":1,"column":35},"end":{"line":22,"column":1}},"line":1},"1":{"name":"(anonymous_1)","decl":{"start":{"line":2,"column":42},"end":{"line":2,"column":43}},"loc":{"start":{"line":2,"column":51},"end":{"line":21,"column":2}},"line":2},"2":{"name":"(anonymous_2)","decl":{"start":{"line":24,"column":15},"end":{"line":24,"column":16}},"loc":{"start":{"line":24,"column":37},"end":{"line":26,"column":1}},"line":24}},"branchMap":{},"s":{"0":0,"1":0,"2":0,"3":0,"4":0,"5":0,"6":0,"7":0,"8":0,"9":0,"10":0,"11":0,"12":0,"13":0,"14":0,"15":0,"16":0,"17":0,"18":0,"19":0,"20":0,"21":0},"f":{"0":0,"1":0,"2":0},"b":{}}
,"C:\\Users\\Jarrod\\Documents\\Lambda\\Labs TL\\coach-me-be\\data\\migrations\\20200425202110_coach.js": {"path":"C:\\Users\\Jarrod\\Documents\\Lambda\\Labs TL\\coach-me-be\\data\\migrations\\20200425202110_coach.js","statementMap":{"0":{"start":{"line":1,"column":0},"end":{"line":15,"column":2}},"1":{"start":{"line":2,"column":1},"end":{"line":14,"column":4}},"2":{"start":{"line":3,"column":2},"end":{"line":3,"column":69}},"3":{"start":{"line":4,"column":2},"end":{"line":4,"column":41}},"4":{"start":{"line":5,"column":2},"end":{"line":5,"column":40}},"5":{"start":{"line":6,"column":2},"end":{"line":6,"column":40}},"6":{"start":{"line":7,"column":2},"end":{"line":7,"column":48}},"7":{"start":{"line":8,"column":2},"end":{"line":8,"column":35}},"8":{"start":{"line":9,"column":2},"end":{"line":9,"column":31}},"9":{"start":{"line":10,"column":2},"end":{"line":10,"column":25}},"10":{"start":{"line":11,"column":2},"end":{"line":11,"column":55}},"11":{"start":{"line":12,"column":2},"end":{"line":12,"column":34}},"12":{"start":{"line":13,"column":2},"end":{"line":13,"column":55}},"13":{"start":{"line":17,"column":0},"end":{"line":19,"column":2}},"14":{"start":{"line":18,"column":1},"end":{"line":18,"column":46}}},"fnMap":{"0":{"name":"(anonymous_0)","decl":{"start":{"line":1,"column":13},"end":{"line":1,"column":14}},"loc":{"start":{"line":1,"column":35},"end":{"line":15,"column":1}},"line":1},"1":{"name":"(anonymous_1)","decl":{"start":{"line":2,"column":40},"end":{"line":2,"column":41}},"loc":{"start":{"line":2,"column":49},"end":{"line":14,"column":2}},"line":2},"2":{"name":"(anonymous_2)","decl":{"start":{"line":17,"column":15},"end":{"line":17,"column":16}},"loc":{"start":{"line":17,"column":37},"end":{"line":19,"column":1}},"line":17}},"branchMap":{},"s":{"0":0,"1":0,"2":0,"3":0,"4":0,"5":0,"6":0,"7":0,"8":0,"9":0,"10":0,"11":0,"12":0,"13":0,"14":0},"f":{"0":0,"1":0,"2":0},"b":{}}
,"C:\\Users\\Jarrod\\Documents\\Lambda\\Labs TL\\coach-me-be\\data\\migrations\\20200425203525_coach_client.js": {"path":"C:\\Users\\Jarrod\\Documents\\Lambda\\Labs TL\\coach-me-be\\data\\migrations\\20200425203525_coach_client.js","statementMap":{"0":{"start":{"line":1,"column":0},"end":{"line":8,"column":2}},"1":{"start":{"line":2,"column":1},"end":{"line":7,"column":4}},"2":{"start":{"line":3,"column":2},"end":{"line":3,"column":33}},"3":{"start":{"line":4,"column":2},"end":{"line":4,"column":69}},"4":{"start":{"line":5,"column":2},"end":{"line":5,"column":34}},"5":{"start":{"line":6,"column":2},"end":{"line":6,"column":71}},"6":{"start":{"line":10,"column":0},"end":{"line":12,"column":2}},"7":{"start":{"line":11,"column":1},"end":{"line":11,"column":53}}},"fnMap":{"0":{"name":"(anonymous_0)","decl":{"start":{"line":1,"column":13},"end":{"line":1,"column":14}},"loc":{"start":{"line":1,"column":35},"end":{"line":8,"column":1}},"line":1},"1":{"name":"(anonymous_1)","decl":{"start":{"line":2,"column":47},"end":{"line":2,"column":48}},"loc":{"start":{"line":2,"column":56},"end":{"line":7,"column":2}},"line":2},"2":{"name":"(anonymous_2)","decl":{"start":{"line":10,"column":15},"end":{"line":10,"column":16}},"loc":{"start":{"line":10,"column":37},"end":{"line":12,"column":1}},"line":10}},"branchMap":{},"s":{"0":0,"1":0,"2":0,"3":0,"4":0,"5":0,"6":0,"7":0},"f":{"0":0,"1":0,"2":0},"b":{}}
,"C:\\Users\\Jarrod\\Documents\\Lambda\\Labs TL\\coach-me-be\\data\\migrations\\20200425204430_health_data.js": {"path":"C:\\Users\\Jarrod\\Documents\\Lambda\\Labs TL\\coach-me-be\\data\\migrations\\20200425204430_health_data.js","statementMap":{"0":{"start":{"line":1,"column":0},"end":{"line":13,"column":2}},"1":{"start":{"line":2,"column":1},"end":{"line":12,"column":4}},"2":{"start":{"line":3,"column":2},"end":{"line":3,"column":69}},"3":{"start":{"line":4,"column":2},"end":{"line":4,"column":33}},"4":{"start":{"line":5,"column":2},"end":{"line":5,"column":69}},"5":{"start":{"line":6,"column":2},"end":{"line":6,"column":34}},"6":{"start":{"line":7,"column":2},"end":{"line":7,"column":71}},"7":{"start":{"line":8,"column":2},"end":{"line":8,"column":57}},"8":{"start":{"line":9,"column":2},"end":{"line":9,"column":29}},"9":{"start":{"line":10,"column":2},"end":{"line":10,"column":30}},"10":{"start":{"line":11,"column":2},"end":{"line":11,"column":24}},"11":{"start":{"line":15,"column":0},"end":{"line":17,"column":2}},"12":{"start":{"line":16,"column":1},"end":{"line":16,"column":52}}},"fnMap":{"0":{"name":"(anonymous_0)","decl":{"start":{"line":1,"column":13},"end":{"line":1,"column":14}},"loc":{"start":{"line":1,"column":35},"end":{"line":13,"column":1}},"line":1},"1":{"name":"(anonymous_1)","decl":{"start":{"line":2,"column":46},"end":{"line":2,"column":47}},"loc":{"start":{"line":2,"column":55},"end":{"line":12,"column":2}},"line":2},"2":{"name":"(anonymous_2)","decl":{"start":{"line":15,"column":15},"end":{"line":15,"column":16}},"loc":{"start":{"line":15,"column":37},"end":{"line":17,"column":1}},"line":15}},"branchMap":{},"s":{"0":0,"1":0,"2":0,"3":0,"4":0,"5":0,"6":0,"7":0,"8":0,"9":0,"10":0,"11":0,"12":0},"f":{"0":0,"1":0,"2":0},"b":{}}
,"C:\\Users\\Jarrod\\Documents\\Lambda\\Labs TL\\coach-me-be\\data\\migrations\\20200425210324_sessions.js": {"path":"C:\\Users\\Jarrod\\Documents\\Lambda\\Labs TL\\coach-me-be\\data\\migrations\\20200425210324_sessions.js","statementMap":{"0":{"start":{"line":1,"column":0},"end":{"line":12,"column":2}},"1":{"start":{"line":2,"column":1},"end":{"line":11,"column":4}},"2":{"start":{"line":3,"column":2},"end":{"line":3,"column":69}},"3":{"start":{"line":4,"column":2},"end":{"line":4,"column":57}},"4":{"start":{"line":5,"column":2},"end":{"line":5,"column":37}},"5":{"start":{"line":6,"column":2},"end":{"line":6,"column":30}},"6":{"start":{"line":7,"column":2},"end":{"line":7,"column":33}},"7":{"start":{"line":8,"column":2},"end":{"line":8,"column":69}},"8":{"start":{"line":9,"column":2},"end":{"line":9,"column":34}},"9":{"start":{"line":10,"column":2},"end":{"line":10,"column":71}},"10":{"start":{"line":14,"column":0},"end":{"line":16,"column":2}},"11":{"start":{"line":15,"column":1},"end":{"line":15,"column":49}}},"fnMap":{"0":{"name":"(anonymous_0)","decl":{"start":{"line":1,"column":13},"end":{"line":1,"column":14}},"loc":{"start":{"line":1,"column":35},"end":{"line":12,"column":1}},"line":1},"1":{"name":"(anonymous_1)","decl":{"start":{"line":2,"column":43},"end":{"line":2,"column":44}},"loc":{"start":{"line":2,"column":52},"end":{"line":11,"column":2}},"line":2},"2":{"name":"(anonymous_2)","decl":{"start":{"line":14,"column":15},"end":{"line":14,"column":16}},"loc":{"start":{"line":14,"column":37},"end":{"line":16,"column":1}},"line":14}},"branchMap":{},"s":{"0":0,"1":0,"2":0,"3":0,"4":0,"5":0,"6":0,"7":0,"8":0,"9":0,"10":0,"11":0},"f":{"0":0,"1":0,"2":0},"b":{}}
,"C:\\Users\\Jarrod\\Documents\\Lambda\\Labs TL\\coach-me-be\\data\\migrations\\20200430201936_auth_sessions.js": {"path":"C:\\Users\\Jarrod\\Documents\\Lambda\\Labs TL\\coach-me-be\\data\\migrations\\20200430201936_auth_sessions.js","statementMap":{"0":{"start":{"line":2,"column":0},"end":{"line":8,"column":2}},"1":{"start":{"line":3,"column":2},"end":{"line":7,"column":4}},"2":{"start":{"line":4,"column":6},"end":{"line":4,"column":36}},"3":{"start":{"line":5,"column":6},"end":{"line":5,"column":35}},"4":{"start":{"line":6,"column":6},"end":{"line":6,"column":58}},"5":{"start":{"line":10,"column":0},"end":{"line":12,"column":2}},"6":{"start":{"line":11,"column":4},"end":{"line":11,"column":57}}},"fnMap":{"0":{"name":"(anonymous_0)","decl":{"start":{"line":2,"column":13},"end":{"line":2,"column":14}},"loc":{"start":{"line":2,"column":34},"end":{"line":8,"column":1}},"line":2},"1":{"name":"(anonymous_1)","decl":{"start":{"line":3,"column":49},"end":{"line":3,"column":50}},"loc":{"start":{"line":3,"column":57},"end":{"line":7,"column":3}},"line":3},"2":{"name":"(anonymous_2)","decl":{"start":{"line":10,"column":15},"end":{"line":10,"column":16}},"loc":{"start":{"line":10,"column":36},"end":{"line":12,"column":1}},"line":10}},"branchMap":{},"s":{"0":0,"1":0,"2":0,"3":0,"4":0,"5":0,"6":0},"f":{"0":0,"1":0,"2":0},"b":{}}
,"C:\\Users\\Jarrod\\Documents\\Lambda\\Labs TL\\coach-me-be\\data\\migrations\\20200512194733_password_reset.js": {"path":"C:\\Users\\Jarrod\\Documents\\Lambda\\Labs TL\\coach-me-be\\data\\migrations\\20200512194733_password_reset.js","statementMap":{"0":{"start":{"line":2,"column":0},"end":{"line":8,"column":2}},"1":{"start":{"line":3,"column":2},"end":{"line":7,"column":4}},"2":{"start":{"line":4,"column":6},"end":{"line":4,"column":74}},"3":{"start":{"line":5,"column":6},"end":{"line":5,"column":72}},"4":{"start":{"line":6,"column":6},"end":{"line":6,"column":38}},"5":{"start":{"line":10,"column":0},"end":{"line":12,"column":2}},"6":{"start":{"line":11,"column":4},"end":{"line":11,"column":58}}},"fnMap":{"0":{"name":"(anonymous_0)","decl":{"start":{"line":2,"column":13},"end":{"line":2,"column":14}},"loc":{"start":{"line":2,"column":34},"end":{"line":8,"column":1}},"line":2},"1":{"name":"(anonymous_1)","decl":{"start":{"line":3,"column":50},"end":{"line":3,"column":51}},"loc":{"start":{"line":3,"column":57},"end":{"line":7,"column":3}},"line":3},"2":{"name":"(anonymous_2)","decl":{"start":{"line":10,"column":15},"end":{"line":10,"column":16}},"loc":{"start":{"line":10,"column":36},"end":{"line":12,"column":1}},"line":10}},"branchMap":{},"s":{"0":0,"1":0,"2":0,"3":0,"4":0,"5":0,"6":0},"f":{"0":0,"1":0,"2":0},"b":{}}
,"C:\\Users\\Jarrod\\Documents\\Lambda\\Labs TL\\coach-me-be\\data\\seeds\\001_client.js": {"path":"C:\\Users\\Jarrod\\Documents\\Lambda\\Labs TL\\coach-me-be\\data\\seeds\\001_client.js","statementMap":{"0":{"start":{"line":1,"column":0},"end":{"line":76,"column":2}},"1":{"start":{"line":2,"column":1},"end":{"line":75,"column":4}}},"fnMap":{"0":{"name":"(anonymous_0)","decl":{"start":{"line":1,"column":15},"end":{"line":1,"column":16}},"loc":{"start":{"line":1,"column":37},"end":{"line":76,"column":1}},"line":1}},"branchMap":{},"s":{"0":0,"1":0},"f":{"0":0},"b":{}}
,"C:\\Users\\Jarrod\\Documents\\Lambda\\Labs TL\\coach-me-be\\data\\seeds\\002_coach.js": {"path":"C:\\Users\\Jarrod\\Documents\\Lambda\\Labs TL\\coach-me-be\\data\\seeds\\002_coach.js","statementMap":{"0":{"start":{"line":1,"column":0},"end":{"line":24,"column":2}},"1":{"start":{"line":2,"column":1},"end":{"line":23,"column":4}}},"fnMap":{"0":{"name":"(anonymous_0)","decl":{"start":{"line":1,"column":15},"end":{"line":1,"column":16}},"loc":{"start":{"line":1,"column":37},"end":{"line":24,"column":1}},"line":1}},"branchMap":{},"s":{"0":0,"1":0},"f":{"0":0},"b":{}}
,"C:\\Users\\Jarrod\\Documents\\Lambda\\Labs TL\\coach-me-be\\data\\seeds\\003_coach_client.js": {"path":"C:\\Users\\Jarrod\\Documents\\Lambda\\Labs TL\\coach-me-be\\data\\seeds\\003_coach_client.js","statementMap":{"0":{"start":{"line":1,"column":0},"end":{"line":20,"column":2}},"1":{"start":{"line":2,"column":4},"end":{"line":19,"column":6}}},"fnMap":{"0":{"name":"(anonymous_0)","decl":{"start":{"line":1,"column":15},"end":{"line":1,"column":16}},"loc":{"start":{"line":1,"column":37},"end":{"line":20,"column":1}},"line":1}},"branchMap":{},"s":{"0":0,"1":0},"f":{"0":0},"b":{}}
,"C:\\Users\\Jarrod\\Documents\\Lambda\\Labs TL\\coach-me-be\\data\\seeds\\004_health_data.js": {"path":"C:\\Users\\Jarrod\\Documents\\Lambda\\Labs TL\\coach-me-be\\data\\seeds\\004_health_data.js","statementMap":{"0":{"start":{"line":2,"column":0},"end":{"line":19,"column":2}},"1":{"start":{"line":3,"column":6},"end":{"line":18,"column":9}}},"fnMap":{"0":{"name":"(anonymous_0)","decl":{"start":{"line":2,"column":15},"end":{"line":2,"column":16}},"loc":{"start":{"line":2,"column":36},"end":{"line":19,"column":1}},"line":2}},"branchMap":{},"s":{"0":0,"1":0},"f":{"0":0},"b":{}}
,"C:\\Users\\Jarrod\\Documents\\Lambda\\Labs TL\\coach-me-be\\data\\seeds\\005_sessions.js": {"path":"C:\\Users\\Jarrod\\Documents\\Lambda\\Labs TL\\coach-me-be\\data\\seeds\\005_sessions.js","statementMap":{"0":{"start":{"line":2,"column":0},"end":{"line":19,"column":2}},"1":{"start":{"line":3,"column":6},"end":{"line":18,"column":9}}},"fnMap":{"0":{"name":"(anonymous_0)","decl":{"start":{"line":2,"column":15},"end":{"line":2,"column":16}},"loc":{"start":{"line":2,"column":36},"end":{"line":19,"column":1}},"line":2}},"branchMap":{},"s":{"0":0,"1":0},"f":{"0":0},"b":{}}
,"C:\\Users\\Jarrod\\Documents\\Lambda\\Labs TL\\coach-me-be\\middleware\\pathValidator.js": {"path":"C:\\Users\\Jarrod\\Documents\\Lambda\\Labs TL\\coach-me-be\\middleware\\pathValidator.js","statementMap":{"0":{"start":{"line":1,"column":18},"end":{"line":1,"column":40}},"1":{"start":{"line":2,"column":18},"end":{"line":2,"column":49}},"2":{"start":{"line":3,"column":13},"end":{"line":3,"column":28}},"3":{"start":{"line":10,"column":2},"end":{"line":21,"column":3}},"4":{"start":{"line":12,"column":16},"end":{"line":14,"column":14}},"5":{"start":{"line":15,"column":18},"end":{"line":15,"column":61}},"6":{"start":{"line":16,"column":3},"end":{"line":17,"column":72}},"7":{"start":{"line":17,"column":4},"end":{"line":17,"column":72}},"8":{"start":{"line":18,"column":3},"end":{"line":18,"column":10}},"9":{"start":{"line":20,"column":3},"end":{"line":20,"column":15}},"10":{"start":{"line":25,"column":0},"end":{"line":25,"column":37}}},"fnMap":{"0":{"name":"(anonymous_0)","decl":{"start":{"line":9,"column":1},"end":{"line":9,"column":2}},"loc":{"start":{"line":9,"column":31},"end":{"line":22,"column":2}},"line":9}},"branchMap":{"0":{"loc":{"start":{"line":12,"column":16},"end":{"line":14,"column":14}},"type":"cond-expr","locations":[{"start":{"line":13,"column":6},"end":{"line":13,"column":13}},{"start":{"line":14,"column":6},"end":{"line":14,"column":14}}],"line":12},"1":{"loc":{"start":{"line":16,"column":3},"end":{"line":17,"column":72}},"type":"if","locations":[{"start":{"line":16,"column":3},"end":{"line":17,"column":72}},{"start":{"line":16,"column":3},"end":{"line":17,"column":72}}],"line":16}},"s":{"0":0,"1":0,"2":0,"3":0,"4":0,"5":0,"6":0,"7":0,"8":0,"9":0,"10":0},"f":{"0":0},"b":{"0":[0,0],"1":[0,0]}}
,"C:\\Users\\Jarrod\\Documents\\Lambda\\Labs TL\\coach-me-be\\middleware\\auth\\RegisterErrorHandler.js": {"path":"C:\\Users\\Jarrod\\Documents\\Lambda\\Labs TL\\coach-me-be\\middleware\\auth\\RegisterErrorHandler.js","statementMap":{"0":{"start":{"line":2,"column":4},"end":{"line":43,"column":5}},"1":{"start":{"line":4,"column":8},"end":{"line":4,"column":112}},"2":{"start":{"line":4,"column":42},"end":{"line":4,"column":112}},"3":{"start":{"line":6,"column":95},"end":{"line":6,"column":103}},"4":{"start":{"line":14,"column":26},"end":{"line":14,"column":101}},"5":{"start":{"line":18,"column":8},"end":{"line":41,"column":9}},"6":{"start":{"line":20,"column":16},"end":{"line":20,"column":79}},"7":{"start":{"line":22,"column":16},"end":{"line":22,"column":78}},"8":{"start":{"line":24,"column":16},"end":{"line":24,"column":74}},"9":{"start":{"line":26,"column":16},"end":{"line":26,"column":74}},"10":{"start":{"line":28,"column":16},"end":{"line":28,"column":77}},"11":{"start":{"line":30,"column":16},"end":{"line":30,"column":77}},"12":{"start":{"line":32,"column":16},"end":{"line":32,"column":86}},"13":{"start":{"line":34,"column":16},"end":{"line":34,"column":75}},"14":{"start":{"line":36,"column":16},"end":{"line":36,"column":72}},"15":{"start":{"line":38,"column":16},"end":{"line":38,"column":166}},"16":{"start":{"line":40,"column":16},"end":{"line":40,"column":22}},"17":{"start":{"line":42,"column":8},"end":{"line":42,"column":14}},"18":{"start":{"line":46,"column":0},"end":{"line":46,"column":38}}},"fnMap":{"0":{"name":"registerErrorHandler","decl":{"start":{"line":1,"column":9},"end":{"line":1,"column":29}},"loc":{"start":{"line":1,"column":46},"end":{"line":44,"column":1}},"line":1},"1":{"name":"(anonymous_1)","decl":{"start":{"line":2,"column":11},"end":{"line":2,"column":12}},"loc":{"start":{"line":2,"column":30},"end":{"line":43,"column":5}},"line":2}},"branchMap":{"0":{"loc":{"start":{"line":1,"column":30},"end":{"line":1,"column":45}},"type":"default-arg","locations":[{"start":{"line":1,"column":37},"end":{"line":1,"column":45}}],"line":1},"1":{"loc":{"start":{"line":4,"column":8},"end":{"line":4,"column":112}},"type":"if","locations":[{"start":{"line":4,"column":8},"end":{"line":4,"column":112}},{"start":{"line":4,"column":8},"end":{"line":4,"column":112}}],"line":4},"2":{"loc":{"start":{"line":18,"column":8},"end":{"line":41,"column":9}},"type":"switch","locations":[{"start":{"line":19,"column":12},"end":{"line":20,"column":79}},{"start":{"line":21,"column":12},"end":{"line":22,"column":78}},{"start":{"line":23,"column":12},"end":{"line":24,"column":74}},{"start":{"line":25,"column":12},"end":{"line":26,"column":74}},{"start":{"line":27,"column":12},"end":{"line":28,"column":77}},{"start":{"line":29,"column":12},"end":{"line":30,"column":77}},{"start":{"line":31,"column":12},"end":{"line":32,"column":86}},{"start":{"line":33,"column":12},"end":{"line":34,"column":75}},{"start":{"line":35,"column":12},"end":{"line":36,"column":72}},{"start":{"line":37,"column":12},"end":{"line":38,"column":166}},{"start":{"line":39,"column":12},"end":{"line":40,"column":22}}],"line":18},"3":{"loc":{"start":{"line":33,"column":17},"end":{"line":33,"column":45}},"type":"binary-expr","locations":[{"start":{"line":33,"column":17},"end":{"line":33,"column":24}},{"start":{"line":33,"column":28},"end":{"line":33,"column":45}}],"line":33},"4":{"loc":{"start":{"line":35,"column":17},"end":{"line":35,"column":42}},"type":"binary-expr","locations":[{"start":{"line":35,"column":17},"end":{"line":35,"column":21}},{"start":{"line":35,"column":25},"end":{"line":35,"column":42}}],"line":35}},"s":{"0":0,"1":0,"2":0,"3":0,"4":0,"5":0,"6":0,"7":0,"8":0,"9":0,"10":0,"11":0,"12":0,"13":0,"14":0,"15":0,"16":0,"17":0,"18":0},"f":{"0":0,"1":0},"b":{"0":[0],"1":[0,0],"2":[0,0,0,0,0,0,0,0,0,0,0],"3":[0,0],"4":[0,0]}}
,"C:\\Users\\Jarrod\\Documents\\Lambda\\Labs TL\\coach-me-be\\middleware\\auth\\globalPriv.js": {"path":"C:\\Users\\Jarrod\\Documents\\Lambda\\Labs TL\\coach-me-be\\middleware\\auth\\globalPriv.js","statementMap":{"0":{"start":{"line":1,"column":18},"end":{"line":1,"column":40}},"1":{"start":{"line":2,"column":15},"end":{"line":2,"column":51}},"2":{"start":{"line":3,"column":11},"end":{"line":3,"column":42}},"3":{"start":{"line":4,"column":12},"end":{"line":4,"column":35}},"4":{"start":{"line":5,"column":15},"end":{"line":5,"column":32}},"5":{"start":{"line":9,"column":8},"end":{"line":9,"column":104}},"6":{"start":{"line":9,"column":36},"end":{"line":9,"column":104}},"7":{"start":{"line":10,"column":8},"end":{"line":10,"column":15}},"8":{"start":{"line":14,"column":8},"end":{"line":19,"column":9}},"9":{"start":{"line":15,"column":12},"end":{"line":15,"column":148}},"10":{"start":{"line":15,"column":134},"end":{"line":15,"column":148}},"11":{"start":{"line":16,"column":12},"end":{"line":16,"column":88}},"12":{"start":{"line":18,"column":12},"end":{"line":18,"column":22}},"13":{"start":{"line":23,"column":8},"end":{"line":28,"column":9}},"14":{"start":{"line":24,"column":12},"end":{"line":24,"column":79}},"15":{"start":{"line":24,"column":65},"end":{"line":24,"column":79}},"16":{"start":{"line":25,"column":12},"end":{"line":25,"column":84}},"17":{"start":{"line":27,"column":12},"end":{"line":27,"column":22}},"18":{"start":{"line":32,"column":2},"end":{"line":49,"column":3}},"19":{"start":{"line":33,"column":30},"end":{"line":33,"column":39}},"20":{"start":{"line":34,"column":33},"end":{"line":34,"column":41}},"21":{"start":{"line":35,"column":12},"end":{"line":35,"column":104}},"22":{"start":{"line":35,"column":26},"end":{"line":35,"column":104}},"23":{"start":{"line":36,"column":30},"end":{"line":36,"column":79}},"24":{"start":{"line":37,"column":12},"end":{"line":37,"column":88}},"25":{"start":{"line":37,"column":27},"end":{"line":37,"column":88}},"26":{"start":{"line":38,"column":36},"end":{"line":38,"column":83}},"27":{"start":{"line":39,"column":12},"end":{"line":39,"column":100}},"28":{"start":{"line":40,"column":12},"end":{"line":40,"column":63}},"29":{"start":{"line":42,"column":12},"end":{"line":48,"column":13}},"30":{"start":{"line":44,"column":20},"end":{"line":44,"column":98}},"31":{"start":{"line":45,"column":20},"end":{"line":45,"column":26}},"32":{"start":{"line":47,"column":20},"end":{"line":47,"column":31}},"33":{"start":{"line":53,"column":0},"end":{"line":53,"column":40}}},"fnMap":{"0":{"name":"(anonymous_0)","decl":{"start":{"line":8,"column":4},"end":{"line":8,"column":5}},"loc":{"start":{"line":8,"column":35},"end":{"line":11,"column":5}},"line":8},"1":{"name":"(anonymous_1)","decl":{"start":{"line":13,"column":4},"end":{"line":13,"column":5}},"loc":{"start":{"line":13,"column":33},"end":{"line":20,"column":5}},"line":13},"2":{"name":"(anonymous_2)","decl":{"start":{"line":22,"column":4},"end":{"line":22,"column":5}},"loc":{"start":{"line":22,"column":34},"end":{"line":29,"column":5}},"line":22},"3":{"name":"(anonymous_3)","decl":{"start":{"line":31,"column":4},"end":{"line":31,"column":5}},"loc":{"start":{"line":31,"column":47},"end":{"line":50,"column":2}},"line":31}},"branchMap":{"0":{"loc":{"start":{"line":9,"column":8},"end":{"line":9,"column":104}},"type":"if","locations":[{"start":{"line":9,"column":8},"end":{"line":9,"column":104}},{"start":{"line":9,"column":8},"end":{"line":9,"column":104}}],"line":9},"1":{"loc":{"start":{"line":15,"column":12},"end":{"line":15,"column":148}},"type":"if","locations":[{"start":{"line":15,"column":12},"end":{"line":15,"column":148}},{"start":{"line":15,"column":12},"end":{"line":15,"column":148}}],"line":15},"2":{"loc":{"start":{"line":15,"column":16},"end":{"line":15,"column":131}},"type":"binary-expr","locations":[{"start":{"line":15,"column":16},"end":{"line":15,"column":62}},{"start":{"line":15,"column":66},"end":{"line":15,"column":131}}],"line":15},"3":{"loc":{"start":{"line":24,"column":12},"end":{"line":24,"column":79}},"type":"if","locations":[{"start":{"line":24,"column":12},"end":{"line":24,"column":79}},{"start":{"line":24,"column":12},"end":{"line":24,"column":79}}],"line":24},"4":{"loc":{"start":{"line":35,"column":12},"end":{"line":35,"column":104}},"type":"if","locations":[{"start":{"line":35,"column":12},"end":{"line":35,"column":104}},{"start":{"line":35,"column":12},"end":{"line":35,"column":104}}],"line":35},"5":{"loc":{"start":{"line":37,"column":12},"end":{"line":37,"column":88}},"type":"if","locations":[{"start":{"line":37,"column":12},"end":{"line":37,"column":88}},{"start":{"line":37,"column":12},"end":{"line":37,"column":88}}],"line":37},"6":{"loc":{"start":{"line":42,"column":12},"end":{"line":48,"column":13}},"type":"switch","locations":[{"start":{"line":43,"column":16},"end":{"line":45,"column":26}},{"start":{"line":46,"column":16},"end":{"line":47,"column":31}}],"line":42}},"s":{"0":0,"1":0,"2":0,"3":0,"4":0,"5":0,"6":0,"7":0,"8":0,"9":0,"10":0,"11":0,"12":0,"13":0,"14":0,"15":0,"16":0,"17":0,"18":0,"19":0,"20":0,"21":0,"22":0,"23":0,"24":0,"25":0,"26":0,"27":0,"28":0,"29":0,"30":0,"31":0,"32":0,"33":0},"f":{"0":0,"1":0,"2":0,"3":0},"b":{"0":[0,0],"1":[0,0],"2":[0,0],"3":[0,0],"4":[0,0],"5":[0,0],"6":[0,0]}}
,"C:\\Users\\Jarrod\\Documents\\Lambda\\Labs TL\\coach-me-be\\models\\client-model.js": {"path":"C:\\Users\\Jarrod\\Documents\\Lambda\\Labs TL\\coach-me-be\\models\\client-model.js","statementMap":{"0":{"start":{"line":1,"column":11},"end":{"line":1,"column":39}},"1":{"start":{"line":2,"column":18},"end":{"line":2,"column":40}},"2":{"start":{"line":3,"column":18},"end":{"line":3,"column":41}},"3":{"start":{"line":10,"column":8},"end":{"line":24,"column":9}},"4":{"start":{"line":11,"column":12},"end":{"line":21,"column":15}},"5":{"start":{"line":23,"column":12},"end":{"line":23,"column":24}},"6":{"start":{"line":34,"column":28},"end":{"line":34,"column":121}},"7":{"start":{"line":35,"column":8},"end":{"line":46,"column":9}},"8":{"start":{"line":36,"column":12},"end":{"line":38,"column":15}},"9":{"start":{"line":37,"column":16},"end":{"line":37,"column":208}},"10":{"start":{"line":37,"column":51},"end":{"line":37,"column":208}},"11":{"start":{"line":39,"column":12},"end":{"line":42,"column":39}},"12":{"start":{"line":42,"column":33},"end":{"line":42,"column":37}},"13":{"start":{"line":43,"column":12},"end":{"line":43,"column":53}},"14":{"start":{"line":45,"column":12},"end":{"line":45,"column":22}},"15":{"start":{"line":50,"column":8},"end":{"line":56,"column":9}},"16":{"start":{"line":51,"column":12},"end":{"line":53,"column":32}},"17":{"start":{"line":55,"column":12},"end":{"line":55,"column":23}},"18":{"start":{"line":60,"column":8},"end":{"line":67,"column":9}},"19":{"start":{"line":61,"column":12},"end":{"line":64,"column":34}},"20":{"start":{"line":66,"column":12},"end":{"line":66,"column":22}},"21":{"start":{"line":79,"column":8},"end":{"line":88,"column":9}},"22":{"start":{"line":80,"column":12},"end":{"line":80,"column":45}},"23":{"start":{"line":81,"column":26},"end":{"line":81,"column":56}},"24":{"start":{"line":82,"column":12},"end":{"line":82,"column":43}},"25":{"start":{"line":83,"column":12},"end":{"line":85,"column":51}},"26":{"start":{"line":85,"column":39},"end":{"line":85,"column":49}},"27":{"start":{"line":87,"column":12},"end":{"line":87,"column":22}},"28":{"start":{"line":98,"column":28},"end":{"line":98,"column":78}},"29":{"start":{"line":99,"column":8},"end":{"line":109,"column":9}},"30":{"start":{"line":100,"column":12},"end":{"line":102,"column":15}},"31":{"start":{"line":101,"column":16},"end":{"line":101,"column":181}},"32":{"start":{"line":101,"column":51},"end":{"line":101,"column":181}},"33":{"start":{"line":103,"column":12},"end":{"line":106,"column":38}},"34":{"start":{"line":106,"column":32},"end":{"line":106,"column":36}},"35":{"start":{"line":108,"column":12},"end":{"line":108,"column":22}},"36":{"start":{"line":113,"column":8},"end":{"line":119,"column":9}},"37":{"start":{"line":114,"column":12},"end":{"line":116,"column":32}},"38":{"start":{"line":118,"column":12},"end":{"line":118,"column":23}},"39":{"start":{"line":123,"column":0},"end":{"line":123,"column":35}}},"fnMap":{"0":{"name":"(anonymous_0)","decl":{"start":{"line":9,"column":4},"end":{"line":9,"column":5}},"loc":{"start":{"line":9,"column":25},"end":{"line":25,"column":5}},"line":9},"1":{"name":"(anonymous_1)","decl":{"start":{"line":33,"column":4},"end":{"line":33,"column":5}},"loc":{"start":{"line":33,"column":50},"end":{"line":47,"column":5}},"line":33},"2":{"name":"(anonymous_2)","decl":{"start":{"line":36,"column":45},"end":{"line":36,"column":46}},"loc":{"start":{"line":36,"column":55},"end":{"line":38,"column":13}},"line":36},"3":{"name":"(anonymous_3)","decl":{"start":{"line":42,"column":25},"end":{"line":42,"column":26}},"loc":{"start":{"line":42,"column":33},"end":{"line":42,"column":37}},"line":42},"4":{"name":"(anonymous_4)","decl":{"start":{"line":49,"column":4},"end":{"line":49,"column":5}},"loc":{"start":{"line":49,"column":26},"end":{"line":57,"column":5}},"line":49},"5":{"name":"(anonymous_5)","decl":{"start":{"line":59,"column":4},"end":{"line":59,"column":5}},"loc":{"start":{"line":59,"column":29},"end":{"line":68,"column":5}},"line":59},"6":{"name":"(anonymous_6)","decl":{"start":{"line":78,"column":4},"end":{"line":78,"column":5}},"loc":{"start":{"line":78,"column":46},"end":{"line":89,"column":5}},"line":78},"7":{"name":"(anonymous_7)","decl":{"start":{"line":85,"column":31},"end":{"line":85,"column":32}},"loc":{"start":{"line":85,"column":39},"end":{"line":85,"column":49}},"line":85},"8":{"name":"(anonymous_8)","decl":{"start":{"line":97,"column":4},"end":{"line":97,"column":5}},"loc":{"start":{"line":97,"column":43},"end":{"line":110,"column":5}},"line":97},"9":{"name":"(anonymous_9)","decl":{"start":{"line":100,"column":45},"end":{"line":100,"column":46}},"loc":{"start":{"line":100,"column":55},"end":{"line":102,"column":13}},"line":100},"10":{"name":"(anonymous_10)","decl":{"start":{"line":106,"column":24},"end":{"line":106,"column":25}},"loc":{"start":{"line":106,"column":32},"end":{"line":106,"column":36}},"line":106},"11":{"name":"(anonymous_11)","decl":{"start":{"line":112,"column":4},"end":{"line":112,"column":5}},"loc":{"start":{"line":112,"column":34},"end":{"line":120,"column":5}},"line":112}},"branchMap":{"0":{"loc":{"start":{"line":37,"column":16},"end":{"line":37,"column":208}},"type":"if","locations":[{"start":{"line":37,"column":16},"end":{"line":37,"column":208}},{"start":{"line":37,"column":16},"end":{"line":37,"column":208}}],"line":37},"1":{"loc":{"start":{"line":101,"column":16},"end":{"line":101,"column":181}},"type":"if","locations":[{"start":{"line":101,"column":16},"end":{"line":101,"column":181}},{"start":{"line":101,"column":16},"end":{"line":101,"column":181}}],"line":101}},"s":{"0":0,"1":0,"2":0,"3":0,"4":0,"5":0,"6":0,"7":0,"8":0,"9":0,"10":0,"11":0,"12":0,"13":0,"14":0,"15":0,"16":0,"17":0,"18":0,"19":0,"20":0,"21":0,"22":0,"23":0,"24":0,"25":0,"26":0,"27":0,"28":0,"29":0,"30":0,"31":0,"32":0,"33":0,"34":0,"35":0,"36":0,"37":0,"38":0,"39":0},"f":{"0":0,"1":0,"2":0,"3":0,"4":0,"5":0,"6":0,"7":0,"8":0,"9":0,"10":0,"11":0},"b":{"0":[0,0],"1":[0,0]}}
,"C:\\Users\\Jarrod\\Documents\\Lambda\\Labs TL\\coach-me-be\\models\\coach-models.js": {"path":"C:\\Users\\Jarrod\\Documents\\Lambda\\Labs TL\\coach-me-be\\models\\coach-models.js","statementMap":{"0":{"start":{"line":1,"column":11},"end":{"line":1,"column":39}},"1":{"start":{"line":2,"column":18},"end":{"line":2,"column":40}},"2":{"start":{"line":3,"column":18},"end":{"line":3,"column":41}},"3":{"start":{"line":4,"column":20},"end":{"line":4,"column":45}},"4":{"start":{"line":8,"column":2},"end":{"line":12,"column":3}},"5":{"start":{"line":9,"column":3},"end":{"line":9,"column":68}},"6":{"start":{"line":11,"column":3},"end":{"line":11,"column":15}},"7":{"start":{"line":15,"column":2},"end":{"line":25,"column":3}},"8":{"start":{"line":16,"column":3},"end":{"line":22,"column":6}},"9":{"start":{"line":24,"column":3},"end":{"line":24,"column":15}},"10":{"start":{"line":29,"column":2},"end":{"line":42,"column":3}},"11":{"start":{"line":30,"column":3},"end":{"line":39,"column":26}},"12":{"start":{"line":39,"column":20},"end":{"line":39,"column":24}},"13":{"start":{"line":41,"column":3},"end":{"line":41,"column":15}},"14":{"start":{"line":46,"column":2},"end":{"line":50,"column":3}},"15":{"start":{"line":47,"column":3},"end":{"line":47,"column":48}},"16":{"start":{"line":49,"column":3},"end":{"line":49,"column":15}},"17":{"start":{"line":54,"column":2},"end":{"line":61,"column":3}},"18":{"start":{"line":55,"column":3},"end":{"line":58,"column":69}},"19":{"start":{"line":60,"column":3},"end":{"line":60,"column":15}},"20":{"start":{"line":65,"column":2},"end":{"line":73,"column":3}},"21":{"start":{"line":66,"column":3},"end":{"line":70,"column":60}},"22":{"start":{"line":72,"column":3},"end":{"line":72,"column":15}},"23":{"start":{"line":77,"column":2},"end":{"line":90,"column":3}},"24":{"start":{"line":78,"column":3},"end":{"line":87,"column":6}},"25":{"start":{"line":89,"column":3},"end":{"line":89,"column":15}},"26":{"start":{"line":94,"column":2},"end":{"line":108,"column":3}},"27":{"start":{"line":95,"column":3},"end":{"line":105,"column":6}},"28":{"start":{"line":107,"column":3},"end":{"line":107,"column":15}},"29":{"start":{"line":112,"column":2},"end":{"line":126,"column":3}},"30":{"start":{"line":113,"column":3},"end":{"line":123,"column":6}},"31":{"start":{"line":125,"column":3},"end":{"line":125,"column":15}},"32":{"start":{"line":130,"column":2},"end":{"line":136,"column":3}},"33":{"start":{"line":131,"column":3},"end":{"line":133,"column":29}},"34":{"start":{"line":133,"column":20},"end":{"line":133,"column":27}},"35":{"start":{"line":135,"column":3},"end":{"line":135,"column":15}},"36":{"start":{"line":140,"column":2},"end":{"line":150,"column":3}},"37":{"start":{"line":141,"column":3},"end":{"line":141,"column":39}},"38":{"start":{"line":142,"column":3},"end":{"line":147,"column":26}},"39":{"start":{"line":147,"column":20},"end":{"line":147,"column":24}},"40":{"start":{"line":149,"column":3},"end":{"line":149,"column":15}},"41":{"start":{"line":154,"column":0},"end":{"line":154,"column":34}}},"fnMap":{"0":{"name":"(anonymous_0)","decl":{"start":{"line":7,"column":1},"end":{"line":7,"column":2}},"loc":{"start":{"line":7,"column":22},"end":{"line":13,"column":2}},"line":7},"1":{"name":"(anonymous_1)","decl":{"start":{"line":14,"column":1},"end":{"line":14,"column":2}},"loc":{"start":{"line":14,"column":22},"end":{"line":26,"column":2}},"line":14},"2":{"name":"(anonymous_2)","decl":{"start":{"line":28,"column":1},"end":{"line":28,"column":2}},"loc":{"start":{"line":28,"column":33},"end":{"line":43,"column":2}},"line":28},"3":{"name":"(anonymous_3)","decl":{"start":{"line":39,"column":10},"end":{"line":39,"column":11}},"loc":{"start":{"line":39,"column":20},"end":{"line":39,"column":24}},"line":39},"4":{"name":"(anonymous_4)","decl":{"start":{"line":45,"column":1},"end":{"line":45,"column":2}},"loc":{"start":{"line":45,"column":23},"end":{"line":51,"column":2}},"line":45},"5":{"name":"(anonymous_5)","decl":{"start":{"line":53,"column":1},"end":{"line":53,"column":2}},"loc":{"start":{"line":53,"column":34},"end":{"line":62,"column":2}},"line":53},"6":{"name":"(anonymous_6)","decl":{"start":{"line":64,"column":1},"end":{"line":64,"column":2}},"loc":{"start":{"line":64,"column":40},"end":{"line":74,"column":2}},"line":64},"7":{"name":"(anonymous_7)","decl":{"start":{"line":76,"column":1},"end":{"line":76,"column":2}},"loc":{"start":{"line":76,"column":32},"end":{"line":91,"column":2}},"line":76},"8":{"name":"(anonymous_8)","decl":{"start":{"line":93,"column":1},"end":{"line":93,"column":2}},"loc":{"start":{"line":93,"column":48},"end":{"line":109,"column":2}},"line":93},"9":{"name":"(anonymous_9)","decl":{"start":{"line":111,"column":1},"end":{"line":111,"column":2}},"loc":{"start":{"line":111,"column":50},"end":{"line":127,"column":2}},"line":111},"10":{"name":"(anonymous_10)","decl":{"start":{"line":129,"column":1},"end":{"line":129,"column":2}},"loc":{"start":{"line":129,"column":33},"end":{"line":137,"column":2}},"line":129},"11":{"name":"(anonymous_11)","decl":{"start":{"line":133,"column":10},"end":{"line":133,"column":11}},"loc":{"start":{"line":133,"column":20},"end":{"line":133,"column":27}},"line":133},"12":{"name":"(anonymous_12)","decl":{"start":{"line":139,"column":1},"end":{"line":139,"column":2}},"loc":{"start":{"line":139,"column":45},"end":{"line":151,"column":2}},"line":139},"13":{"name":"(anonymous_13)","decl":{"start":{"line":147,"column":10},"end":{"line":147,"column":11}},"loc":{"start":{"line":147,"column":20},"end":{"line":147,"column":24}},"line":147}},"branchMap":{},"s":{"0":0,"1":0,"2":0,"3":0,"4":0,"5":0,"6":0,"7":0,"8":0,"9":0,"10":0,"11":0,"12":0,"13":0,"14":0,"15":0,"16":0,"17":0,"18":0,"19":0,"20":0,"21":0,"22":0,"23":0,"24":0,"25":0,"26":0,"27":0,"28":0,"29":0,"30":0,"31":0,"32":0,"33":0,"34":0,"35":0,"36":0,"37":0,"38":0,"39":0,"40":0,"41":0},"f":{"0":0,"1":0,"2":0,"3":0,"4":0,"5":0,"6":0,"7":0,"8":0,"9":0,"10":0,"11":0,"12":0,"13":0},"b":{}}
,"C:\\Users\\Jarrod\\Documents\\Lambda\\Labs TL\\coach-me-be\\models\\user-model.js": {"path":"C:\\Users\\Jarrod\\Documents\\Lambda\\Labs TL\\coach-me-be\\models\\user-model.js","statementMap":{"0":{"start":{"line":1,"column":11},"end":{"line":1,"column":39}},"1":{"start":{"line":2,"column":12},"end":{"line":2,"column":35}},"2":{"start":{"line":7,"column":2},"end":{"line":12,"column":3}},"3":{"start":{"line":8,"column":16},"end":{"line":8,"column":78}},"4":{"start":{"line":9,"column":3},"end":{"line":9,"column":15}},"5":{"start":{"line":11,"column":3},"end":{"line":11,"column":15}},"6":{"start":{"line":16,"column":2},"end":{"line":21,"column":3}},"7":{"start":{"line":17,"column":16},"end":{"line":17,"column":65}},"8":{"start":{"line":18,"column":3},"end":{"line":18,"column":15}},"9":{"start":{"line":20,"column":3},"end":{"line":20,"column":15}},"10":{"start":{"line":25,"column":2},"end":{"line":29,"column":3}},"11":{"start":{"line":26,"column":3},"end":{"line":26,"column":51}},"12":{"start":{"line":28,"column":3},"end":{"line":28,"column":15}},"13":{"start":{"line":33,"column":2},"end":{"line":37,"column":3}},"14":{"start":{"line":34,"column":3},"end":{"line":34,"column":53}},"15":{"start":{"line":36,"column":3},"end":{"line":36,"column":15}},"16":{"start":{"line":41,"column":2},"end":{"line":45,"column":3}},"17":{"start":{"line":42,"column":3},"end":{"line":42,"column":55}},"18":{"start":{"line":44,"column":3},"end":{"line":44,"column":15}},"19":{"start":{"line":57,"column":2},"end":{"line":65,"column":3}},"20":{"start":{"line":58,"column":3},"end":{"line":62,"column":18}},"21":{"start":{"line":64,"column":3},"end":{"line":64,"column":13}},"22":{"start":{"line":69,"column":2},"end":{"line":76,"column":3}},"23":{"start":{"line":70,"column":3},"end":{"line":73,"column":13}},"24":{"start":{"line":75,"column":3},"end":{"line":75,"column":13}},"25":{"start":{"line":88,"column":2},"end":{"line":92,"column":3}},"26":{"start":{"line":89,"column":3},"end":{"line":89,"column":69}},"27":{"start":{"line":91,"column":3},"end":{"line":91,"column":13}},"28":{"start":{"line":96,"column":2},"end":{"line":103,"column":3}},"29":{"start":{"line":97,"column":3},"end":{"line":100,"column":13}},"30":{"start":{"line":102,"column":3},"end":{"line":102,"column":13}},"31":{"start":{"line":107,"column":2},"end":{"line":119,"column":3}},"32":{"start":{"line":108,"column":17},"end":{"line":111,"column":47}},"33":{"start":{"line":112,"column":3},"end":{"line":115,"column":6}},"34":{"start":{"line":116,"column":3},"end":{"line":116,"column":15}},"35":{"start":{"line":118,"column":3},"end":{"line":118,"column":15}},"36":{"start":{"line":123,"column":0},"end":{"line":123,"column":27}}},"fnMap":{"0":{"name":"(anonymous_0)","decl":{"start":{"line":6,"column":1},"end":{"line":6,"column":2}},"loc":{"start":{"line":6,"column":50},"end":{"line":13,"column":2}},"line":6},"1":{"name":"(anonymous_1)","decl":{"start":{"line":15,"column":1},"end":{"line":15,"column":2}},"loc":{"start":{"line":15,"column":50},"end":{"line":22,"column":2}},"line":15},"2":{"name":"(anonymous_2)","decl":{"start":{"line":24,"column":1},"end":{"line":24,"column":2}},"loc":{"start":{"line":24,"column":44},"end":{"line":30,"column":2}},"line":24},"3":{"name":"(anonymous_3)","decl":{"start":{"line":32,"column":1},"end":{"line":32,"column":2}},"loc":{"start":{"line":32,"column":51},"end":{"line":38,"column":2}},"line":32},"4":{"name":"(anonymous_4)","decl":{"start":{"line":40,"column":1},"end":{"line":40,"column":2}},"loc":{"start":{"line":40,"column":53},"end":{"line":46,"column":2}},"line":40},"5":{"name":"(anonymous_5)","decl":{"start":{"line":56,"column":1},"end":{"line":56,"column":2}},"loc":{"start":{"line":56,"column":59},"end":{"line":66,"column":2}},"line":56},"6":{"name":"(anonymous_6)","decl":{"start":{"line":68,"column":1},"end":{"line":68,"column":2}},"loc":{"start":{"line":68,"column":62},"end":{"line":77,"column":2}},"line":68},"7":{"name":"(anonymous_7)","decl":{"start":{"line":87,"column":1},"end":{"line":87,"column":2}},"loc":{"start":{"line":87,"column":56},"end":{"line":93,"column":2}},"line":87},"8":{"name":"(anonymous_8)","decl":{"start":{"line":95,"column":1},"end":{"line":95,"column":2}},"loc":{"start":{"line":95,"column":59},"end":{"line":104,"column":2}},"line":95},"9":{"name":"(anonymous_9)","decl":{"start":{"line":106,"column":1},"end":{"line":106,"column":2}},"loc":{"start":{"line":106,"column":53},"end":{"line":120,"column":2}},"line":106}},"branchMap":{"0":{"loc":{"start":{"line":6,"column":29},"end":{"line":6,"column":48}},"type":"default-arg","locations":[{"start":{"line":6,"column":40},"end":{"line":6,"column":48}}],"line":6},"1":{"loc":{"start":{"line":15,"column":30},"end":{"line":15,"column":49}},"type":"default-arg","locations":[{"start":{"line":15,"column":41},"end":{"line":15,"column":49}}],"line":15},"2":{"loc":{"start":{"line":24,"column":23},"end":{"line":24,"column":42}},"type":"default-arg","locations":[{"start":{"line":24,"column":34},"end":{"line":24,"column":42}}],"line":24},"3":{"loc":{"start":{"line":32,"column":29},"end":{"line":32,"column":49}},"type":"default-arg","locations":[{"start":{"line":32,"column":41},"end":{"line":32,"column":49}}],"line":32},"4":{"loc":{"start":{"line":40,"column":31},"end":{"line":40,"column":51}},"type":"default-arg","locations":[{"start":{"line":40,"column":43},"end":{"line":40,"column":51}}],"line":40},"5":{"loc":{"start":{"line":56,"column":32},"end":{"line":56,"column":42}},"type":"default-arg","locations":[{"start":{"line":56,"column":40},"end":{"line":56,"column":42}}],"line":56},"6":{"loc":{"start":{"line":56,"column":44},"end":{"line":56,"column":57}},"type":"default-arg","locations":[{"start":{"line":56,"column":54},"end":{"line":56,"column":57}}],"line":56},"7":{"loc":{"start":{"line":68,"column":41},"end":{"line":68,"column":60}},"type":"default-arg","locations":[{"start":{"line":68,"column":52},"end":{"line":68,"column":60}}],"line":68},"8":{"loc":{"start":{"line":87,"column":35},"end":{"line":87,"column":54}},"type":"default-arg","locations":[{"start":{"line":87,"column":46},"end":{"line":87,"column":54}}],"line":87},"9":{"loc":{"start":{"line":95,"column":38},"end":{"line":95,"column":57}},"type":"default-arg","locations":[{"start":{"line":95,"column":49},"end":{"line":95,"column":57}}],"line":95},"10":{"loc":{"start":{"line":106,"column":33},"end":{"line":106,"column":52}},"type":"default-arg","locations":[{"start":{"line":106,"column":44},"end":{"line":106,"column":52}}],"line":106}},"s":{"0":0,"1":0,"2":0,"3":0,"4":0,"5":0,"6":0,"7":0,"8":0,"9":0,"10":0,"11":0,"12":0,"13":0,"14":0,"15":0,"16":0,"17":0,"18":0,"19":0,"20":0,"21":0,"22":0,"23":0,"24":0,"25":0,"26":0,"27":0,"28":0,"29":0,"30":0,"31":0,"32":0,"33":0,"34":0,"35":0,"36":0},"f":{"0":0,"1":0,"2":0,"3":0,"4":0,"5":0,"6":0,"7":0,"8":0,"9":0},"b":{"0":[0],"1":[0],"2":[0],"3":[0],"4":[0],"5":[0],"6":[0],"7":[0],"8":[0],"9":[0],"10":[0]}}
,"C:\\Users\\Jarrod\\Documents\\Lambda\\Labs TL\\coach-me-be\\routes\\router-index.js": {"path":"C:\\Users\\Jarrod\\Documents\\Lambda\\Labs TL\\coach-me-be\\routes\\router-index.js","statementMap":{"0":{"start":{"line":1,"column":15},"end":{"line":1,"column":42}},"1":{"start":{"line":2,"column":20},"end":{"line":2,"column":47}},"2":{"start":{"line":4,"column":0},"end":{"line":4,"column":44}},"3":{"start":{"line":5,"column":0},"end":{"line":5,"column":50}},"4":{"start":{"line":6,"column":0},"end":{"line":6,"column":34}},"5":{"start":{"line":9,"column":0},"end":{"line":9,"column":24}}},"fnMap":{},"branchMap":{},"s":{"0":0,"1":0,"2":0,"3":0,"4":0,"5":0},"f":{},"b":{}}
,"C:\\Users\\Jarrod\\Documents\\Lambda\\Labs TL\\coach-me-be\\routes\\auth\\auth.js": {"path":"C:\\Users\\Jarrod\\Documents\\Lambda\\Labs TL\\coach-me-be\\routes\\auth\\auth.js","statementMap":{"0":{"start":{"line":1,"column":15},"end":{"line":1,"column":42}},"1":{"start":{"line":2,"column":17},"end":{"line":2,"column":36}},"2":{"start":{"line":3,"column":15},"end":{"line":3,"column":32}},"3":{"start":{"line":4,"column":18},"end":{"line":4,"column":54}},"4":{"start":{"line":5,"column":17},"end":{"line":5,"column":53}},"5":{"start":{"line":6,"column":19},"end":{"line":6,"column":53}},"6":{"start":{"line":7,"column":16},"end":{"line":7,"column":32}},"7":{"start":{"line":8,"column":18},"end":{"line":8,"column":40}},"8":{"start":{"line":9,"column":15},"end":{"line":9,"column":40}},"9":{"start":{"line":10,"column":15},"end":{"line":10,"column":58}},"10":{"start":{"line":12,"column":0},"end":{"line":37,"column":3}},"11":{"start":{"line":13,"column":4},"end":{"line":36,"column":5}},"12":{"start":{"line":14,"column":28},"end":{"line":14,"column":37}},"13":{"start":{"line":15,"column":21},"end":{"line":15,"column":78}},"14":{"start":{"line":16,"column":8},"end":{"line":16,"column":120}},"15":{"start":{"line":16,"column":17},"end":{"line":16,"column":120}},"16":{"start":{"line":17,"column":31},"end":{"line":17,"column":71}},"17":{"start":{"line":18,"column":8},"end":{"line":33,"column":9}},"18":{"start":{"line":20,"column":16},"end":{"line":23,"column":19}},"19":{"start":{"line":24,"column":16},"end":{"line":24,"column":43}},"20":{"start":{"line":26,"column":16},"end":{"line":29,"column":18}},"21":{"start":{"line":30,"column":16},"end":{"line":30,"column":43}},"22":{"start":{"line":32,"column":16},"end":{"line":32,"column":113}},"23":{"start":{"line":35,"column":8},"end":{"line":35,"column":20}},"24":{"start":{"line":39,"column":0},"end":{"line":54,"column":2}},"25":{"start":{"line":40,"column":4},"end":{"line":52,"column":9}},"26":{"start":{"line":41,"column":8},"end":{"line":41,"column":123}},"27":{"start":{"line":41,"column":40},"end":{"line":41,"column":123}},"28":{"start":{"line":42,"column":8},"end":{"line":49,"column":27}},"29":{"start":{"line":44,"column":12},"end":{"line":44,"column":52}},"30":{"start":{"line":44,"column":22},"end":{"line":44,"column":52}},"31":{"start":{"line":45,"column":12},"end":{"line":48,"column":15}},"32":{"start":{"line":46,"column":16},"end":{"line":46,"column":39}},"33":{"start":{"line":46,"column":27},"end":{"line":46,"column":39}},"34":{"start":{"line":47,"column":16},"end":{"line":47,"column":45}},"35":{"start":{"line":51,"column":8},"end":{"line":51,"column":20}},"36":{"start":{"line":55,"column":0},"end":{"line":63,"column":3}},"37":{"start":{"line":56,"column":4},"end":{"line":62,"column":5}},"38":{"start":{"line":57,"column":8},"end":{"line":57,"column":30}},"39":{"start":{"line":58,"column":8},"end":{"line":58,"column":52}},"40":{"start":{"line":61,"column":8},"end":{"line":61,"column":20}},"41":{"start":{"line":65,"column":0},"end":{"line":65,"column":129}},"42":{"start":{"line":67,"column":0},"end":{"line":73,"column":2}},"43":{"start":{"line":69,"column":4},"end":{"line":71,"column":7}},"44":{"start":{"line":72,"column":4},"end":{"line":72,"column":13}},"45":{"start":{"line":75,"column":0},"end":{"line":75,"column":111}},"46":{"start":{"line":77,"column":0},"end":{"line":100,"column":2}},"47":{"start":{"line":79,"column":4},"end":{"line":97,"column":5}},"48":{"start":{"line":80,"column":31},"end":{"line":80,"column":78}},"49":{"start":{"line":81,"column":8},"end":{"line":94,"column":9}},"50":{"start":{"line":83,"column":12},"end":{"line":83,"column":53}},"51":{"start":{"line":86,"column":26},"end":{"line":86,"column":57}},"52":{"start":{"line":87,"column":12},"end":{"line":92,"column":15}},"53":{"start":{"line":93,"column":12},"end":{"line":93,"column":62}},"54":{"start":{"line":96,"column":8},"end":{"line":96,"column":18}},"55":{"start":{"line":99,"column":4},"end":{"line":99,"column":47}},"56":{"start":{"line":102,"column":0},"end":{"line":135,"column":3}},"57":{"start":{"line":103,"column":4},"end":{"line":134,"column":5}},"58":{"start":{"line":104,"column":48},"end":{"line":104,"column":56}},"59":{"start":{"line":105,"column":21},"end":{"line":105,"column":151}},"60":{"start":{"line":106,"column":22},"end":{"line":106,"column":79}},"61":{"start":{"line":107,"column":8},"end":{"line":130,"column":9}},"62":{"start":{"line":109,"column":34},"end":{"line":109,"column":56}},"63":{"start":{"line":110,"column":40},"end":{"line":110,"column":69}},"64":{"start":{"line":111,"column":34},"end":{"line":111,"column":79}},"65":{"start":{"line":112,"column":16},"end":{"line":116,"column":19}},"66":{"start":{"line":117,"column":16},"end":{"line":117,"column":138}},"67":{"start":{"line":119,"column":16},"end":{"line":119,"column":149}},"68":{"start":{"line":119,"column":27},"end":{"line":119,"column":149}},"69":{"start":{"line":120,"column":16},"end":{"line":120,"column":63}},"70":{"start":{"line":121,"column":28},"end":{"line":127,"column":17}},"71":{"start":{"line":128,"column":16},"end":{"line":128,"column":33}},"72":{"start":{"line":129,"column":16},"end":{"line":129,"column":138}},"73":{"start":{"line":132,"column":8},"end":{"line":132,"column":24}},"74":{"start":{"line":133,"column":8},"end":{"line":133,"column":17}},"75":{"start":{"line":137,"column":0},"end":{"line":143,"column":2}},"76":{"start":{"line":138,"column":4},"end":{"line":142,"column":5}},"77":{"start":{"line":141,"column":8},"end":{"line":141,"column":20}},"78":{"start":{"line":145,"column":0},"end":{"line":145,"column":24}}},"fnMap":{"0":{"name":"(anonymous_0)","decl":{"start":{"line":12,"column":82},"end":{"line":12,"column":83}},"loc":{"start":{"line":12,"column":106},"end":{"line":37,"column":1}},"line":12},"1":{"name":"(anonymous_1)","decl":{"start":{"line":39,"column":22},"end":{"line":39,"column":23}},"loc":{"start":{"line":39,"column":48},"end":{"line":53,"column":5}},"line":39},"2":{"name":"(anonymous_2)","decl":{"start":{"line":43,"column":8},"end":{"line":43,"column":9}},"loc":{"start":{"line":43,"column":29},"end":{"line":49,"column":9}},"line":43},"3":{"name":"(anonymous_3)","decl":{"start":{"line":45,"column":28},"end":{"line":45,"column":29}},"loc":{"start":{"line":45,"column":44},"end":{"line":48,"column":13}},"line":45},"4":{"name":"(anonymous_4)","decl":{"start":{"line":55,"column":23},"end":{"line":55,"column":24}},"loc":{"start":{"line":55,"column":47},"end":{"line":63,"column":1}},"line":55},"5":{"name":"(anonymous_5)","decl":{"start":{"line":68,"column":4},"end":{"line":68,"column":5}},"loc":{"start":{"line":68,"column":18},"end":{"line":73,"column":1}},"line":68},"6":{"name":"(anonymous_6)","decl":{"start":{"line":78,"column":0},"end":{"line":78,"column":1}},"loc":{"start":{"line":78,"column":26},"end":{"line":100,"column":1}},"line":78},"7":{"name":"(anonymous_7)","decl":{"start":{"line":102,"column":32},"end":{"line":102,"column":33}},"loc":{"start":{"line":102,"column":58},"end":{"line":135,"column":1}},"line":102},"8":{"name":"(anonymous_8)","decl":{"start":{"line":137,"column":80},"end":{"line":137,"column":81}},"loc":{"start":{"line":137,"column":103},"end":{"line":143,"column":1}},"line":137}},"branchMap":{"0":{"loc":{"start":{"line":16,"column":8},"end":{"line":16,"column":120}},"type":"if","locations":[{"start":{"line":16,"column":8},"end":{"line":16,"column":120}},{"start":{"line":16,"column":8},"end":{"line":16,"column":120}}],"line":16},"1":{"loc":{"start":{"line":18,"column":8},"end":{"line":33,"column":9}},"type":"switch","locations":[{"start":{"line":19,"column":12},"end":{"line":24,"column":43}},{"start":{"line":25,"column":12},"end":{"line":30,"column":43}},{"start":{"line":31,"column":12},"end":{"line":32,"column":113}}],"line":18},"2":{"loc":{"start":{"line":41,"column":8},"end":{"line":41,"column":123}},"type":"if","locations":[{"start":{"line":41,"column":8},"end":{"line":41,"column":123}},{"start":{"line":41,"column":8},"end":{"line":41,"column":123}}],"line":41},"3":{"loc":{"start":{"line":44,"column":12},"end":{"line":44,"column":52}},"type":"if","locations":[{"start":{"line":44,"column":12},"end":{"line":44,"column":52}},{"start":{"line":44,"column":12},"end":{"line":44,"column":52}}],"line":44},"4":{"loc":{"start":{"line":46,"column":16},"end":{"line":46,"column":39}},"type":"if","locations":[{"start":{"line":46,"column":16},"end":{"line":46,"column":39}},{"start":{"line":46,"column":16},"end":{"line":46,"column":39}}],"line":46},"5":{"loc":{"start":{"line":81,"column":8},"end":{"line":94,"column":9}},"type":"if","locations":[{"start":{"line":81,"column":8},"end":{"line":94,"column":9}},{"start":{"line":81,"column":8},"end":{"line":94,"column":9}}],"line":81},"6":{"loc":{"start":{"line":105,"column":21},"end":{"line":105,"column":151}},"type":"cond-expr","locations":[{"start":{"line":105,"column":43},"end":{"line":105,"column":94}},{"start":{"line":105,"column":98},"end":{"line":105,"column":151}}],"line":105},"7":{"loc":{"start":{"line":107,"column":8},"end":{"line":130,"column":9}},"type":"switch","locations":[{"start":{"line":108,"column":12},"end":{"line":117,"column":138}},{"start":{"line":118,"column":12},"end":{"line":129,"column":138}}],"line":107},"8":{"loc":{"start":{"line":119,"column":16},"end":{"line":119,"column":149}},"type":"if","locations":[{"start":{"line":119,"column":16},"end":{"line":119,"column":149}},{"start":{"line":119,"column":16},"end":{"line":119,"column":149}}],"line":119}},"s":{"0":0,"1":0,"2":0,"3":0,"4":0,"5":0,"6":0,"7":0,"8":0,"9":0,"10":0,"11":0,"12":0,"13":0,"14":0,"15":0,"16":0,"17":0,"18":0,"19":0,"20":0,"21":0,"22":0,"23":0,"24":0,"25":0,"26":0,"27":0,"28":0,"29":0,"30":0,"31":0,"32":0,"33":0,"34":0,"35":0,"36":0,"37":0,"38":0,"39":0,"40":0,"41":0,"42":0,"43":0,"44":0,"45":0,"46":0,"47":0,"48":0,"49":0,"50":0,"51":0,"52":0,"53":0,"54":0,"55":0,"56":0,"57":0,"58":0,"59":0,"60":0,"61":0,"62":0,"63":0,"64":0,"65":0,"66":0,"67":0,"68":0,"69":0,"70":0,"71":0,"72":0,"73":0,"74":0,"75":0,"76":0,"77":0,"78":0},"f":{"0":0,"1":0,"2":0,"3":0,"4":0,"5":0,"6":0,"7":0,"8":0},"b":{"0":[0,0],"1":[0,0,0],"2":[0,0],"3":[0,0],"4":[0,0],"5":[0,0],"6":[0,0],"7":[0,0],"8":[0,0]}}
,"C:\\Users\\Jarrod\\Documents\\Lambda\\Labs TL\\coach-me-be\\routes\\client\\client-health-data.js": {"path":"C:\\Users\\Jarrod\\Documents\\Lambda\\Labs TL\\coach-me-be\\routes\\client\\client-health-data.js","statementMap":{"0":{"start":{"line":1,"column":15},"end":{"line":1,"column":61}},"1":{"start":{"line":2,"column":17},"end":{"line":2,"column":53}},"2":{"start":{"line":4,"column":15},"end":{"line":4,"column":58}},"3":{"start":{"line":6,"column":0},"end":{"line":14,"column":3}},"4":{"start":{"line":7,"column":4},"end":{"line":13,"column":5}},"5":{"start":{"line":8,"column":24},"end":{"line":8,"column":107}},"6":{"start":{"line":9,"column":8},"end":{"line":9,"column":101}},"7":{"start":{"line":9,"column":31},"end":{"line":9,"column":101}},"8":{"start":{"line":10,"column":8},"end":{"line":10,"column":21}},"9":{"start":{"line":12,"column":8},"end":{"line":12,"column":19}},"10":{"start":{"line":16,"column":0},"end":{"line":22,"column":3}},"11":{"start":{"line":17,"column":4},"end":{"line":21,"column":5}},"12":{"start":{"line":18,"column":8},"end":{"line":18,"column":88}},"13":{"start":{"line":20,"column":8},"end":{"line":20,"column":19}},"14":{"start":{"line":24,"column":0},"end":{"line":32,"column":3}},"15":{"start":{"line":25,"column":4},"end":{"line":31,"column":5}},"16":{"start":{"line":26,"column":25},"end":{"line":26,"column":99}},"17":{"start":{"line":27,"column":8},"end":{"line":27,"column":69}},"18":{"start":{"line":27,"column":25},"end":{"line":27,"column":69}},"19":{"start":{"line":28,"column":8},"end":{"line":28,"column":29}},"20":{"start":{"line":30,"column":8},"end":{"line":30,"column":19}},"21":{"start":{"line":34,"column":0},"end":{"line":42,"column":3}},"22":{"start":{"line":35,"column":4},"end":{"line":41,"column":5}},"23":{"start":{"line":36,"column":25},"end":{"line":36,"column":99}},"24":{"start":{"line":37,"column":8},"end":{"line":37,"column":69}},"25":{"start":{"line":37,"column":25},"end":{"line":37,"column":69}},"26":{"start":{"line":38,"column":8},"end":{"line":38,"column":85}},"27":{"start":{"line":40,"column":8},"end":{"line":40,"column":19}},"28":{"start":{"line":44,"column":0},"end":{"line":52,"column":3}},"29":{"start":{"line":45,"column":4},"end":{"line":51,"column":5}},"30":{"start":{"line":46,"column":25},"end":{"line":46,"column":99}},"31":{"start":{"line":47,"column":8},"end":{"line":47,"column":69}},"32":{"start":{"line":47,"column":25},"end":{"line":47,"column":69}},"33":{"start":{"line":48,"column":8},"end":{"line":48,"column":79}},"34":{"start":{"line":50,"column":8},"end":{"line":50,"column":19}},"35":{"start":{"line":54,"column":0},"end":{"line":54,"column":24}}},"fnMap":{"0":{"name":"(anonymous_0)","decl":{"start":{"line":6,"column":36},"end":{"line":6,"column":37}},"loc":{"start":{"line":6,"column":62},"end":{"line":14,"column":1}},"line":6},"1":{"name":"(anonymous_1)","decl":{"start":{"line":16,"column":38},"end":{"line":16,"column":39}},"loc":{"start":{"line":16,"column":64},"end":{"line":22,"column":1}},"line":16},"2":{"name":"(anonymous_2)","decl":{"start":{"line":24,"column":47},"end":{"line":24,"column":48}},"loc":{"start":{"line":24,"column":73},"end":{"line":32,"column":1}},"line":24},"3":{"name":"(anonymous_3)","decl":{"start":{"line":34,"column":48},"end":{"line":34,"column":49}},"loc":{"start":{"line":34,"column":74},"end":{"line":42,"column":1}},"line":34},"4":{"name":"(anonymous_4)","decl":{"start":{"line":44,"column":51},"end":{"line":44,"column":52}},"loc":{"start":{"line":44,"column":78},"end":{"line":52,"column":1}},"line":44}},"branchMap":{"0":{"loc":{"start":{"line":9,"column":8},"end":{"line":9,"column":101}},"type":"if","locations":[{"start":{"line":9,"column":8},"end":{"line":9,"column":101}},{"start":{"line":9,"column":8},"end":{"line":9,"column":101}}],"line":9},"1":{"loc":{"start":{"line":27,"column":8},"end":{"line":27,"column":69}},"type":"if","locations":[{"start":{"line":27,"column":8},"end":{"line":27,"column":69}},{"start":{"line":27,"column":8},"end":{"line":27,"column":69}}],"line":27},"2":{"loc":{"start":{"line":37,"column":8},"end":{"line":37,"column":69}},"type":"if","locations":[{"start":{"line":37,"column":8},"end":{"line":37,"column":69}},{"start":{"line":37,"column":8},"end":{"line":37,"column":69}}],"line":37},"3":{"loc":{"start":{"line":47,"column":8},"end":{"line":47,"column":69}},"type":"if","locations":[{"start":{"line":47,"column":8},"end":{"line":47,"column":69}},{"start":{"line":47,"column":8},"end":{"line":47,"column":69}}],"line":47}},"s":{"0":0,"1":0,"2":0,"3":0,"4":0,"5":0,"6":0,"7":0,"8":0,"9":0,"10":0,"11":0,"12":0,"13":0,"14":0,"15":0,"16":0,"17":0,"18":0,"19":0,"20":0,"21":0,"22":0,"23":0,"24":0,"25":0,"26":0,"27":0,"28":0,"29":0,"30":0,"31":0,"32":0,"33":0,"34":0,"35":0},"f":{"0":0,"1":0,"2":0,"3":0,"4":0},"b":{"0":[0,0],"1":[0,0],"2":[0,0],"3":[0,0]}}
,"C:\\Users\\Jarrod\\Documents\\Lambda\\Labs TL\\coach-me-be\\routes\\client\\client.js": {"path":"C:\\Users\\Jarrod\\Documents\\Lambda\\Labs TL\\coach-me-be\\routes\\client\\client.js","statementMap":{"0":{"start":{"line":1,"column":15},"end":{"line":1,"column":42}},"1":{"start":{"line":3,"column":25},"end":{"line":3,"column":56}},"2":{"start":{"line":4,"column":17},"end":{"line":4,"column":53}},"3":{"start":{"line":6,"column":15},"end":{"line":6,"column":58}},"4":{"start":{"line":10,"column":0},"end":{"line":10,"column":70}},"5":{"start":{"line":12,"column":0},"end":{"line":12,"column":35}},"6":{"start":{"line":15,"column":0},"end":{"line":15,"column":42}},"7":{"start":{"line":18,"column":0},"end":{"line":26,"column":3}},"8":{"start":{"line":19,"column":4},"end":{"line":25,"column":5}},"9":{"start":{"line":20,"column":23},"end":{"line":20,"column":64}},"10":{"start":{"line":21,"column":8},"end":{"line":21,"column":83}},"11":{"start":{"line":21,"column":30},"end":{"line":21,"column":83}},"12":{"start":{"line":22,"column":8},"end":{"line":22,"column":49}},"13":{"start":{"line":24,"column":8},"end":{"line":24,"column":17}},"14":{"start":{"line":28,"column":0},"end":{"line":34,"column":3}},"15":{"start":{"line":29,"column":4},"end":{"line":33,"column":5}},"16":{"start":{"line":30,"column":8},"end":{"line":30,"column":77}},"17":{"start":{"line":32,"column":8},"end":{"line":32,"column":20}},"18":{"start":{"line":36,"column":0},"end":{"line":44,"column":2}},"19":{"start":{"line":37,"column":4},"end":{"line":43,"column":5}},"20":{"start":{"line":38,"column":8},"end":{"line":38,"column":51}},"21":{"start":{"line":39,"column":8},"end":{"line":39,"column":30}},"22":{"start":{"line":40,"column":8},"end":{"line":40,"column":90}},"23":{"start":{"line":42,"column":8},"end":{"line":42,"column":20}},"24":{"start":{"line":47,"column":0},"end":{"line":55,"column":3}},"25":{"start":{"line":48,"column":4},"end":{"line":54,"column":5}},"26":{"start":{"line":49,"column":31},"end":{"line":49,"column":80}},"27":{"start":{"line":50,"column":8},"end":{"line":50,"column":113}},"28":{"start":{"line":50,"column":40},"end":{"line":50,"column":113}},"29":{"start":{"line":51,"column":8},"end":{"line":51,"column":33}},"30":{"start":{"line":53,"column":8},"end":{"line":53,"column":20}},"31":{"start":{"line":57,"column":0},"end":{"line":65,"column":3}},"32":{"start":{"line":58,"column":4},"end":{"line":64,"column":5}},"33":{"start":{"line":59,"column":30},"end":{"line":59,"column":100}},"34":{"start":{"line":60,"column":8},"end":{"line":60,"column":118}},"35":{"start":{"line":60,"column":39},"end":{"line":60,"column":118}},"36":{"start":{"line":61,"column":8},"end":{"line":61,"column":32}},"37":{"start":{"line":63,"column":8},"end":{"line":63,"column":20}},"38":{"start":{"line":67,"column":0},"end":{"line":67,"column":24}}},"fnMap":{"0":{"name":"(anonymous_0)","decl":{"start":{"line":18,"column":19},"end":{"line":18,"column":20}},"loc":{"start":{"line":18,"column":45},"end":{"line":26,"column":1}},"line":18},"1":{"name":"(anonymous_1)","decl":{"start":{"line":28,"column":40},"end":{"line":28,"column":41}},"loc":{"start":{"line":28,"column":65},"end":{"line":34,"column":1}},"line":28},"2":{"name":"(anonymous_2)","decl":{"start":{"line":36,"column":39},"end":{"line":36,"column":40}},"loc":{"start":{"line":36,"column":64},"end":{"line":44,"column":1}},"line":36},"3":{"name":"(anonymous_3)","decl":{"start":{"line":47,"column":28},"end":{"line":47,"column":29}},"loc":{"start":{"line":47,"column":54},"end":{"line":55,"column":1}},"line":47},"4":{"name":"(anonymous_4)","decl":{"start":{"line":57,"column":39},"end":{"line":57,"column":40}},"loc":{"start":{"line":57,"column":65},"end":{"line":65,"column":1}},"line":57}},"branchMap":{"0":{"loc":{"start":{"line":21,"column":8},"end":{"line":21,"column":83}},"type":"if","locations":[{"start":{"line":21,"column":8},"end":{"line":21,"column":83}},{"start":{"line":21,"column":8},"end":{"line":21,"column":83}}],"line":21},"1":{"loc":{"start":{"line":50,"column":8},"end":{"line":50,"column":113}},"type":"if","locations":[{"start":{"line":50,"column":8},"end":{"line":50,"column":113}},{"start":{"line":50,"column":8},"end":{"line":50,"column":113}}],"line":50},"2":{"loc":{"start":{"line":60,"column":8},"end":{"line":60,"column":118}},"type":"if","locations":[{"start":{"line":60,"column":8},"end":{"line":60,"column":118}},{"start":{"line":60,"column":8},"end":{"line":60,"column":118}}],"line":60}},"s":{"0":0,"1":0,"2":0,"3":0,"4":0,"5":0,"6":0,"7":0,"8":0,"9":0,"10":0,"11":0,"12":0,"13":0,"14":0,"15":0,"16":0,"17":0,"18":0,"19":0,"20":0,"21":0,"22":0,"23":0,"24":0,"25":0,"26":0,"27":0,"28":0,"29":0,"30":0,"31":0,"32":0,"33":0,"34":0,"35":0,"36":0,"37":0,"38":0},"f":{"0":0,"1":0,"2":0,"3":0,"4":0},"b":{"0":[0,0],"1":[0,0],"2":[0,0]}}
,"C:\\Users\\Jarrod\\Documents\\Lambda\\Labs TL\\coach-me-be\\routes\\coach\\coach.js": {"path":"C:\\Users\\Jarrod\\Documents\\Lambda\\Labs TL\\coach-me-be\\routes\\coach\\coach.js","statementMap":{"0":{"start":{"line":1,"column":15},"end":{"line":1,"column":42}},"1":{"start":{"line":2,"column":16},"end":{"line":2,"column":52}},"2":{"start":{"line":3,"column":15},"end":{"line":3,"column":58}},"3":{"start":{"line":6,"column":0},"end":{"line":6,"column":70}},"4":{"start":{"line":15,"column":0},"end":{"line":23,"column":3}},"5":{"start":{"line":16,"column":1},"end":{"line":22,"column":2}},"6":{"start":{"line":17,"column":20},"end":{"line":17,"column":48}},"7":{"start":{"line":18,"column":2},"end":{"line":18,"column":68}},"8":{"start":{"line":18,"column":27},"end":{"line":18,"column":68}},"9":{"start":{"line":19,"column":2},"end":{"line":19,"column":34}},"10":{"start":{"line":21,"column":2},"end":{"line":21,"column":14}},"11":{"start":{"line":30,"column":0},"end":{"line":36,"column":3}},"12":{"start":{"line":31,"column":1},"end":{"line":35,"column":2}},"13":{"start":{"line":32,"column":2},"end":{"line":32,"column":74}},"14":{"start":{"line":34,"column":2},"end":{"line":34,"column":14}},"15":{"start":{"line":44,"column":0},"end":{"line":51,"column":3}},"16":{"start":{"line":45,"column":1},"end":{"line":50,"column":2}},"17":{"start":{"line":46,"column":18},"end":{"line":46,"column":26}},"18":{"start":{"line":47,"column":2},"end":{"line":47,"column":66}},"19":{"start":{"line":49,"column":2},"end":{"line":49,"column":14}},"20":{"start":{"line":59,"column":0},"end":{"line":69,"column":3}},"21":{"start":{"line":60,"column":1},"end":{"line":68,"column":2}},"22":{"start":{"line":61,"column":2},"end":{"line":61,"column":43}},"23":{"start":{"line":62,"column":2},"end":{"line":62,"column":24}},"24":{"start":{"line":63,"column":2},"end":{"line":65,"column":77}},"25":{"start":{"line":67,"column":2},"end":{"line":67,"column":14}},"26":{"start":{"line":77,"column":0},"end":{"line":83,"column":3}},"27":{"start":{"line":78,"column":1},"end":{"line":82,"column":2}},"28":{"start":{"line":79,"column":2},"end":{"line":79,"column":76}},"29":{"start":{"line":81,"column":2},"end":{"line":81,"column":14}},"30":{"start":{"line":91,"column":0},"end":{"line":101,"column":3}},"31":{"start":{"line":92,"column":1},"end":{"line":100,"column":2}},"32":{"start":{"line":93,"column":2},"end":{"line":97,"column":5}},"33":{"start":{"line":99,"column":2},"end":{"line":99,"column":14}},"34":{"start":{"line":109,"column":0},"end":{"line":122,"column":3}},"35":{"start":{"line":110,"column":1},"end":{"line":121,"column":2}},"36":{"start":{"line":111,"column":2},"end":{"line":118,"column":5}},"37":{"start":{"line":120,"column":2},"end":{"line":120,"column":14}},"38":{"start":{"line":128,"column":0},"end":{"line":148,"column":3}},"39":{"start":{"line":129,"column":1},"end":{"line":147,"column":2}},"40":{"start":{"line":130,"column":34},"end":{"line":130,"column":42}},"41":{"start":{"line":131,"column":2},"end":{"line":131,"column":46}},"42":{"start":{"line":132,"column":2},"end":{"line":132,"column":32}},"43":{"start":{"line":133,"column":2},"end":{"line":137,"column":3}},"44":{"start":{"line":134,"column":3},"end":{"line":136,"column":6}},"45":{"start":{"line":138,"column":18},"end":{"line":143,"column":3}},"46":{"start":{"line":144,"column":2},"end":{"line":144,"column":64}},"47":{"start":{"line":146,"column":2},"end":{"line":146,"column":14}},"48":{"start":{"line":156,"column":0},"end":{"line":162,"column":3}},"49":{"start":{"line":157,"column":1},"end":{"line":161,"column":2}},"50":{"start":{"line":158,"column":2},"end":{"line":158,"column":74}},"51":{"start":{"line":160,"column":2},"end":{"line":160,"column":14}},"52":{"start":{"line":168,"column":0},"end":{"line":182,"column":3}},"53":{"start":{"line":169,"column":1},"end":{"line":181,"column":2}},"54":{"start":{"line":170,"column":2},"end":{"line":178,"column":5}},"55":{"start":{"line":180,"column":2},"end":{"line":180,"column":14}},"56":{"start":{"line":188,"column":0},"end":{"line":209,"column":3}},"57":{"start":{"line":189,"column":1},"end":{"line":208,"column":2}},"58":{"start":{"line":190,"column":34},"end":{"line":190,"column":42}},"59":{"start":{"line":191,"column":2},"end":{"line":191,"column":46}},"60":{"start":{"line":192,"column":2},"end":{"line":192,"column":32}},"61":{"start":{"line":194,"column":2},"end":{"line":198,"column":3}},"62":{"start":{"line":195,"column":3},"end":{"line":197,"column":6}},"63":{"start":{"line":200,"column":18},"end":{"line":203,"column":3}},"64":{"start":{"line":205,"column":2},"end":{"line":205,"column":75}},"65":{"start":{"line":207,"column":2},"end":{"line":207,"column":14}},"66":{"start":{"line":211,"column":0},"end":{"line":211,"column":24}}},"fnMap":{"0":{"name":"(anonymous_0)","decl":{"start":{"line":15,"column":16},"end":{"line":15,"column":17}},"loc":{"start":{"line":15,"column":42},"end":{"line":23,"column":1}},"line":15},"1":{"name":"(anonymous_1)","decl":{"start":{"line":30,"column":19},"end":{"line":30,"column":20}},"loc":{"start":{"line":30,"column":39},"end":{"line":36,"column":1}},"line":30},"2":{"name":"(anonymous_2)","decl":{"start":{"line":44,"column":19},"end":{"line":44,"column":20}},"loc":{"start":{"line":44,"column":39},"end":{"line":51,"column":1}},"line":44},"3":{"name":"(anonymous_3)","decl":{"start":{"line":59,"column":22},"end":{"line":59,"column":23}},"loc":{"start":{"line":59,"column":42},"end":{"line":69,"column":1}},"line":59},"4":{"name":"(anonymous_4)","decl":{"start":{"line":77,"column":27},"end":{"line":77,"column":28}},"loc":{"start":{"line":77,"column":47},"end":{"line":83,"column":1}},"line":77},"5":{"name":"(anonymous_5)","decl":{"start":{"line":91,"column":37},"end":{"line":91,"column":38}},"loc":{"start":{"line":91,"column":57},"end":{"line":101,"column":1}},"line":91},"6":{"name":"(anonymous_6)","decl":{"start":{"line":109,"column":46},"end":{"line":109,"column":47}},"loc":{"start":{"line":109,"column":66},"end":{"line":122,"column":1}},"line":109},"7":{"name":"(anonymous_7)","decl":{"start":{"line":128,"column":47},"end":{"line":128,"column":48}},"loc":{"start":{"line":128,"column":67},"end":{"line":148,"column":1}},"line":128},"8":{"name":"(anonymous_8)","decl":{"start":{"line":156,"column":28},"end":{"line":156,"column":29}},"loc":{"start":{"line":156,"column":48},"end":{"line":162,"column":1}},"line":156},"9":{"name":"(anonymous_9)","decl":{"start":{"line":168,"column":39},"end":{"line":168,"column":40}},"loc":{"start":{"line":168,"column":59},"end":{"line":182,"column":1}},"line":168},"10":{"name":"(anonymous_10)","decl":{"start":{"line":188,"column":39},"end":{"line":188,"column":40}},"loc":{"start":{"line":188,"column":59},"end":{"line":209,"column":1}},"line":188}},"branchMap":{"0":{"loc":{"start":{"line":18,"column":2},"end":{"line":18,"column":68}},"type":"if","locations":[{"start":{"line":18,"column":2},"end":{"line":18,"column":68}},{"start":{"line":18,"column":2},"end":{"line":18,"column":68}}],"line":18},"1":{"loc":{"start":{"line":133,"column":2},"end":{"line":137,"column":3}},"type":"if","locations":[{"start":{"line":133,"column":2},"end":{"line":137,"column":3}},{"start":{"line":133,"column":2},"end":{"line":137,"column":3}}],"line":133},"2":{"loc":{"start":{"line":133,"column":6},"end":{"line":133,"column":29}},"type":"binary-expr","locations":[{"start":{"line":133,"column":6},"end":{"line":133,"column":19}},{"start":{"line":133,"column":23},"end":{"line":133,"column":29}}],"line":133},"3":{"loc":{"start":{"line":194,"column":2},"end":{"line":198,"column":3}},"type":"if","locations":[{"start":{"line":194,"column":2},"end":{"line":198,"column":3}},{"start":{"line":194,"column":2},"end":{"line":198,"column":3}}],"line":194},"4":{"loc":{"start":{"line":194,"column":6},"end":{"line":194,"column":29}},"type":"binary-expr","locations":[{"start":{"line":194,"column":6},"end":{"line":194,"column":19}},{"start":{"line":194,"column":23},"end":{"line":194,"column":29}}],"line":194}},"s":{"0":0,"1":0,"2":0,"3":0,"4":0,"5":0,"6":0,"7":0,"8":0,"9":0,"10":0,"11":0,"12":0,"13":0,"14":0,"15":0,"16":0,"17":0,"18":0,"19":0,"20":0,"21":0,"22":0,"23":0,"24":0,"25":0,"26":0,"27":0,"28":0,"29":0,"30":0,"31":0,"32":0,"33":0,"34":0,"35":0,"36":0,"37":0,"38":0,"39":0,"40":0,"41":0,"42":0,"43":0,"44":0,"45":0,"46":0,"47":0,"48":0,"49":0,"50":0,"51":0,"52":0,"53":0,"54":0,"55":0,"56":0,"57":0,"58":0,"59":0,"60":0,"61":0,"62":0,"63":0,"64":0,"65":0,"66":0},"f":{"0":0,"1":0,"2":0,"3":0,"4":0,"5":0,"6":0,"7":0,"8":0,"9":0,"10":0},"b":{"0":[0,0],"1":[0,0],"2":[0,0],"3":[0,0],"4":[0,0]}}
}
